{"total": {"lines":{"total":1382,"covered":496,"skipped":0,"pct":35.89},"statements":{"total":1454,"covered":553,"skipped":0,"pct":38.03},"functions":{"total":245,"covered":67,"skipped":0,"pct":27.34},"branches":{"total":836,"covered":100,"skipped":0,"pct":11.96},"branchesTrue":{"total":0,"covered":0,"skipped":0,"pct":100}}
,"C:\\Users\\jefer\\OneDrive\\Escritorio\\Mercapleno\\mercapleno-backend\\src\\auth\\auth.controller.ts": {"lines":{"total":41,"covered":22,"skipped":0,"pct":53.65},"functions":{"total":11,"covered":1,"skipped":0,"pct":9.09},"statements":{"total":43,"covered":24,"skipped":0,"pct":55.81},"branches":{"total":20,"covered":0,"skipped":0,"pct":0}}
,"C:\\Users\\jefer\\OneDrive\\Escritorio\\Mercapleno\\mercapleno-backend\\src\\auth\\auth.service.ts": {"lines":{"total":149,"covered":14,"skipped":0,"pct":9.39},"functions":{"total":23,"covered":1,"skipped":0,"pct":4.34},"statements":{"total":151,"covered":16,"skipped":0,"pct":10.59},"branches":{"total":85,"covered":0,"skipped":0,"pct":0}}
,"C:\\Users\\jefer\\OneDrive\\Escritorio\\Mercapleno\\mercapleno-backend\\src\\auth\\decorators\\current-user.decorator.ts": {"lines":{"total":4,"covered":2,"skipped":0,"pct":50},"functions":{"total":1,"covered":0,"skipped":0,"pct":0},"statements":{"total":4,"covered":2,"skipped":0,"pct":50},"branches":{"total":0,"covered":0,"skipped":0,"pct":100}}
,"C:\\Users\\jefer\\OneDrive\\Escritorio\\Mercapleno\\mercapleno-backend\\src\\auth\\decorators\\public.decorator.ts": {"lines":{"total":3,"covered":3,"skipped":0,"pct":100},"functions":{"total":1,"covered":1,"skipped":0,"pct":100},"statements":{"total":5,"covered":5,"skipped":0,"pct":100},"branches":{"total":0,"covered":0,"skipped":0,"pct":100}}
,"C:\\Users\\jefer\\OneDrive\\Escritorio\\Mercapleno\\mercapleno-backend\\src\\auth\\decorators\\roles.decorator.ts": {"lines":{"total":3,"covered":3,"skipped":0,"pct":100},"functions":{"total":1,"covered":1,"skipped":0,"pct":100},"statements":{"total":5,"covered":5,"skipped":0,"pct":100},"branches":{"total":0,"covered":0,"skipped":0,"pct":100}}
,"C:\\Users\\jefer\\OneDrive\\Escritorio\\Mercapleno\\mercapleno-backend\\src\\auth\\guards\\jwt-auth.guard.ts": {"lines":{"total":14,"covered":12,"skipped":0,"pct":85.71},"functions":{"total":2,"covered":2,"skipped":0,"pct":100},"statements":{"total":16,"covered":14,"skipped":0,"pct":87.5},"branches":{"total":4,"covered":2,"skipped":0,"pct":50}}
,"C:\\Users\\jefer\\OneDrive\\Escritorio\\Mercapleno\\mercapleno-backend\\src\\auth\\guards\\roles.guard.ts": {"lines":{"total":17,"covered":13,"skipped":0,"pct":76.47},"functions":{"total":2,"covered":2,"skipped":0,"pct":100},"statements":{"total":19,"covered":15,"skipped":0,"pct":78.94},"branches":{"total":10,"covered":6,"skipped":0,"pct":60}}
,"C:\\Users\\jefer\\OneDrive\\Escritorio\\Mercapleno\\mercapleno-backend\\src\\auth\\strategies\\jwt.strategy.ts": {"lines":{"total":17,"covered":15,"skipped":0,"pct":88.23},"functions":{"total":3,"covered":3,"skipped":0,"pct":100},"statements":{"total":19,"covered":17,"skipped":0,"pct":89.47},"branches":{"total":17,"covered":13,"skipped":0,"pct":76.47}}
,"C:\\Users\\jefer\\OneDrive\\Escritorio\\Mercapleno\\mercapleno-backend\\src\\cart\\cart.controller.ts": {"lines":{"total":18,"covered":12,"skipped":0,"pct":66.66},"functions":{"total":7,"covered":1,"skipped":0,"pct":14.28},"statements":{"total":20,"covered":14,"skipped":0,"pct":70},"branches":{"total":0,"covered":0,"skipped":0,"pct":100}}
,"C:\\Users\\jefer\\OneDrive\\Escritorio\\Mercapleno\\mercapleno-backend\\src\\cart\\cart.service.ts": {"lines":{"total":72,"covered":4,"skipped":0,"pct":5.55},"functions":{"total":14,"covered":1,"skipped":0,"pct":7.14},"statements":{"total":76,"covered":6,"skipped":0,"pct":7.89},"branches":{"total":59,"covered":0,"skipped":0,"pct":0}}
,"C:\\Users\\jefer\\OneDrive\\Escritorio\\Mercapleno\\mercapleno-backend\\src\\common\\constants\\validation.patterns.ts": {"lines":{"total":10,"covered":10,"skipped":0,"pct":100},"functions":{"total":0,"covered":0,"skipped":0,"pct":100},"statements":{"total":10,"covered":10,"skipped":0,"pct":100},"branches":{"total":0,"covered":0,"skipped":0,"pct":100}}
,"C:\\Users\\jefer\\OneDrive\\Escritorio\\Mercapleno\\mercapleno-backend\\src\\common\\database\\index.ts": {"lines":{"total":4,"covered":0,"skipped":0,"pct":0},"functions":{"total":0,"covered":0,"skipped":0,"pct":100},"statements":{"total":4,"covered":0,"skipped":0,"pct":0},"branches":{"total":0,"covered":0,"skipped":0,"pct":100}}
,"C:\\Users\\jefer\\OneDrive\\Escritorio\\Mercapleno\\mercapleno-backend\\src\\common\\database\\mysql.service.ts": {"lines":{"total":3,"covered":3,"skipped":0,"pct":100},"functions":{"total":0,"covered":0,"skipped":0,"pct":100},"statements":{"total":5,"covered":5,"skipped":0,"pct":100},"branches":{"total":0,"covered":0,"skipped":0,"pct":100}}
,"C:\\Users\\jefer\\OneDrive\\Escritorio\\Mercapleno\\mercapleno-backend\\src\\common\\database\\postgres.service.ts": {"lines":{"total":48,"covered":6,"skipped":0,"pct":12.5},"functions":{"total":15,"covered":0,"skipped":0,"pct":0},"statements":{"total":51,"covered":8,"skipped":0,"pct":15.68},"branches":{"total":40,"covered":0,"skipped":0,"pct":0}}
,"C:\\Users\\jefer\\OneDrive\\Escritorio\\Mercapleno\\mercapleno-backend\\src\\common\\filters\\http-exception.filter.ts": {"lines":{"total":53,"covered":0,"skipped":0,"pct":0},"functions":{"total":2,"covered":0,"skipped":0,"pct":0},"statements":{"total":55,"covered":0,"skipped":0,"pct":0},"branches":{"total":38,"covered":0,"skipped":0,"pct":0}}
,"C:\\Users\\jefer\\OneDrive\\Escritorio\\Mercapleno\\mercapleno-backend\\src\\common\\logger\\logger.middleware.ts": {"lines":{"total":15,"covered":3,"skipped":0,"pct":20},"functions":{"total":1,"covered":0,"skipped":0,"pct":0},"statements":{"total":17,"covered":5,"skipped":0,"pct":29.41},"branches":{"total":4,"covered":0,"skipped":0,"pct":0}}
,"C:\\Users\\jefer\\OneDrive\\Escritorio\\Mercapleno\\mercapleno-backend\\src\\common\\stock\\low-stock.util.ts": {"lines":{"total":7,"covered":3,"skipped":0,"pct":42.85},"functions":{"total":2,"covered":0,"skipped":0,"pct":0},"statements":{"total":10,"covered":5,"skipped":0,"pct":50},"branches":{"total":4,"covered":0,"skipped":0,"pct":0}}
,"C:\\Users\\jefer\\OneDrive\\Escritorio\\Mercapleno\\mercapleno-backend\\src\\common\\utils\\prisma-error.util.ts": {"lines":{"total":14,"covered":3,"skipped":0,"pct":21.42},"functions":{"total":1,"covered":0,"skipped":0,"pct":0},"statements":{"total":14,"covered":3,"skipped":0,"pct":21.42},"branches":{"total":14,"covered":0,"skipped":0,"pct":0}}
,"C:\\Users\\jefer\\OneDrive\\Escritorio\\Mercapleno\\mercapleno-backend\\src\\common\\utils\\user-mapper.util.ts": {"lines":{"total":4,"covered":2,"skipped":0,"pct":50},"functions":{"total":2,"covered":0,"skipped":0,"pct":0},"statements":{"total":4,"covered":2,"skipped":0,"pct":50},"branches":{"total":16,"covered":0,"skipped":0,"pct":0}}
,"C:\\Users\\jefer\\OneDrive\\Escritorio\\Mercapleno\\mercapleno-backend\\src\\config\\envs.ts": {"lines":{"total":18,"covered":11,"skipped":0,"pct":61.11},"functions":{"total":2,"covered":2,"skipped":0,"pct":100},"statements":{"total":18,"covered":11,"skipped":0,"pct":61.11},"branches":{"total":26,"covered":15,"skipped":0,"pct":57.69}}
,"C:\\Users\\jefer\\OneDrive\\Escritorio\\Mercapleno\\mercapleno-backend\\src\\config\\index.ts": {"lines":{"total":1,"covered":1,"skipped":0,"pct":100},"functions":{"total":0,"covered":0,"skipped":0,"pct":100},"statements":{"total":1,"covered":1,"skipped":0,"pct":100},"branches":{"total":0,"covered":0,"skipped":0,"pct":100}}
,"C:\\Users\\jefer\\OneDrive\\Escritorio\\Mercapleno\\mercapleno-backend\\src\\email\\email.service.ts": {"lines":{"total":80,"covered":67,"skipped":0,"pct":83.75},"functions":{"total":15,"covered":13,"skipped":0,"pct":86.66},"statements":{"total":84,"covered":69,"skipped":0,"pct":82.14},"branches":{"total":76,"covered":42,"skipped":0,"pct":55.26}}
,"C:\\Users\\jefer\\OneDrive\\Escritorio\\Mercapleno\\mercapleno-backend\\src\\inventory\\inventory.controller.ts": {"lines":{"total":15,"covered":12,"skipped":0,"pct":80},"functions":{"total":4,"covered":1,"skipped":0,"pct":25},"statements":{"total":17,"covered":14,"skipped":0,"pct":82.35},"branches":{"total":0,"covered":0,"skipped":0,"pct":100}}
,"C:\\Users\\jefer\\OneDrive\\Escritorio\\Mercapleno\\mercapleno-backend\\src\\inventory\\inventory.service.ts": {"lines":{"total":92,"covered":8,"skipped":0,"pct":8.69},"functions":{"total":14,"covered":1,"skipped":0,"pct":7.14},"statements":{"total":95,"covered":10,"skipped":0,"pct":10.52},"branches":{"total":74,"covered":0,"skipped":0,"pct":0}}
,"C:\\Users\\jefer\\OneDrive\\Escritorio\\Mercapleno\\mercapleno-backend\\src\\prisma\\prisma.service.ts": {"lines":{"total":11,"covered":11,"skipped":0,"pct":100},"functions":{"total":3,"covered":3,"skipped":0,"pct":100},"statements":{"total":13,"covered":13,"skipped":0,"pct":100},"branches":{"total":2,"covered":1,"skipped":0,"pct":50}}
,"C:\\Users\\jefer\\OneDrive\\Escritorio\\Mercapleno\\mercapleno-backend\\src\\products\\product-image-upload.util.ts": {"lines":{"total":55,"covered":12,"skipped":0,"pct":21.81},"functions":{"total":10,"covered":0,"skipped":0,"pct":0},"statements":{"total":55,"covered":12,"skipped":0,"pct":21.81},"branches":{"total":30,"covered":0,"skipped":0,"pct":0}}
,"C:\\Users\\jefer\\OneDrive\\Escritorio\\Mercapleno\\mercapleno-backend\\src\\products\\products.controller.ts": {"lines":{"total":21,"covered":16,"skipped":0,"pct":76.19},"functions":{"total":6,"covered":1,"skipped":0,"pct":16.66},"statements":{"total":23,"covered":18,"skipped":0,"pct":78.26},"branches":{"total":0,"covered":0,"skipped":0,"pct":100}}
,"C:\\Users\\jefer\\OneDrive\\Escritorio\\Mercapleno\\mercapleno-backend\\src\\products\\products.service.ts": {"lines":{"total":79,"covered":6,"skipped":0,"pct":7.59},"functions":{"total":13,"covered":1,"skipped":0,"pct":7.69},"statements":{"total":85,"covered":8,"skipped":0,"pct":9.41},"branches":{"total":77,"covered":0,"skipped":0,"pct":0}}
,"C:\\Users\\jefer\\OneDrive\\Escritorio\\Mercapleno\\mercapleno-backend\\src\\products\\dto\\product-status.enum.ts": {"lines":{"total":4,"covered":0,"skipped":0,"pct":0},"functions":{"total":1,"covered":0,"skipped":0,"pct":0},"statements":{"total":4,"covered":0,"skipped":0,"pct":0},"branches":{"total":2,"covered":0,"skipped":0,"pct":0}}
,"C:\\Users\\jefer\\OneDrive\\Escritorio\\Mercapleno\\mercapleno-backend\\src\\proveedores\\proveedores.controller.ts": {"lines":{"total":25,"covered":17,"skipped":0,"pct":68},"functions":{"total":9,"covered":1,"skipped":0,"pct":11.11},"statements":{"total":27,"covered":19,"skipped":0,"pct":70.37},"branches":{"total":0,"covered":0,"skipped":0,"pct":100}}
,"C:\\Users\\jefer\\OneDrive\\Escritorio\\Mercapleno\\mercapleno-backend\\src\\proveedores\\proveedores.service.ts": {"lines":{"total":91,"covered":5,"skipped":0,"pct":5.49},"functions":{"total":15,"covered":1,"skipped":0,"pct":6.66},"statements":{"total":93,"covered":7,"skipped":0,"pct":7.52},"branches":{"total":57,"covered":0,"skipped":0,"pct":0}}
,"C:\\Users\\jefer\\OneDrive\\Escritorio\\Mercapleno\\mercapleno-backend\\src\\reports\\reports.controller.ts": {"lines":{"total":27,"covered":27,"skipped":0,"pct":100},"functions":{"total":10,"covered":10,"skipped":0,"pct":100},"statements":{"total":29,"covered":29,"skipped":0,"pct":100},"branches":{"total":0,"covered":0,"skipped":0,"pct":100}}
,"C:\\Users\\jefer\\OneDrive\\Escritorio\\Mercapleno\\mercapleno-backend\\src\\reports\\reports.service.ts": {"lines":{"total":137,"covered":127,"skipped":0,"pct":92.7},"functions":{"total":16,"covered":16,"skipped":0,"pct":100},"statements":{"total":142,"covered":132,"skipped":0,"pct":92.95},"branches":{"total":42,"covered":21,"skipped":0,"pct":50}}
,"C:\\Users\\jefer\\OneDrive\\Escritorio\\Mercapleno\\mercapleno-backend\\src\\sales\\sales.controller.ts": {"lines":{"total":16,"covered":12,"skipped":0,"pct":75},"functions":{"total":5,"covered":1,"skipped":0,"pct":20},"statements":{"total":18,"covered":14,"skipped":0,"pct":77.77},"branches":{"total":0,"covered":0,"skipped":0,"pct":100}}
,"C:\\Users\\jefer\\OneDrive\\Escritorio\\Mercapleno\\mercapleno-backend\\src\\sales\\sales.service.ts": {"lines":{"total":117,"covered":10,"skipped":0,"pct":8.54},"functions":{"total":12,"covered":1,"skipped":0,"pct":8.33},"statements":{"total":121,"covered":12,"skipped":0,"pct":9.91},"branches":{"total":75,"covered":0,"skipped":0,"pct":0}}
,"C:\\Users\\jefer\\OneDrive\\Escritorio\\Mercapleno\\mercapleno-backend\\src\\users-admin\\users-admin.controller.ts": {"lines":{"total":24,"covered":16,"skipped":0,"pct":66.66},"functions":{"total":9,"covered":1,"skipped":0,"pct":11.11},"statements":{"total":26,"covered":18,"skipped":0,"pct":69.23},"branches":{"total":0,"covered":0,"skipped":0,"pct":100}}
,"C:\\Users\\jefer\\OneDrive\\Escritorio\\Mercapleno\\mercapleno-backend\\src\\users-admin\\users-admin.service.ts": {"lines":{"total":73,"covered":8,"skipped":0,"pct":10.95},"functions":{"total":13,"covered":1,"skipped":0,"pct":7.69},"statements":{"total":75,"covered":10,"skipped":0,"pct":13.33},"branches":{"total":64,"covered":0,"skipped":0,"pct":0}}
}
