{"total": {"lines":{"total":1210,"covered":743,"skipped":0,"pct":61.4},"statements":{"total":1276,"covered":800,"skipped":0,"pct":62.69},"functions":{"total":219,"covered":125,"skipped":0,"pct":57.07},"branches":{"total":669,"covered":289,"skipped":0,"pct":43.19},"branchesTrue":{"total":0,"covered":0,"skipped":0,"pct":100}}
,"C:\\Users\\jefer\\OneDrive\\Escritorio\\Mercapleno\\mercapleno-backend\\src\\auth\\auth.controller.ts": {"lines":{"total":41,"covered":41,"skipped":0,"pct":100},"functions":{"total":11,"covered":11,"skipped":0,"pct":100},"statements":{"total":43,"covered":43,"skipped":0,"pct":100},"branches":{"total":20,"covered":18,"skipped":0,"pct":90}}
,"C:\\Users\\jefer\\OneDrive\\Escritorio\\Mercapleno\\mercapleno-backend\\src\\auth\\auth.service.ts": {"lines":{"total":150,"covered":146,"skipped":0,"pct":97.33},"functions":{"total":22,"covered":22,"skipped":0,"pct":100},"statements":{"total":152,"covered":148,"skipped":0,"pct":97.36},"branches":{"total":85,"covered":78,"skipped":0,"pct":91.76}}
,"C:\\Users\\jefer\\OneDrive\\Escritorio\\Mercapleno\\mercapleno-backend\\src\\auth\\decorators\\current-user.decorator.ts": {"lines":{"total":4,"covered":4,"skipped":0,"pct":100},"functions":{"total":1,"covered":1,"skipped":0,"pct":100},"statements":{"total":4,"covered":4,"skipped":0,"pct":100},"branches":{"total":0,"covered":0,"skipped":0,"pct":100}}
,"C:\\Users\\jefer\\OneDrive\\Escritorio\\Mercapleno\\mercapleno-backend\\src\\auth\\decorators\\public.decorator.ts": {"lines":{"total":3,"covered":3,"skipped":0,"pct":100},"functions":{"total":1,"covered":1,"skipped":0,"pct":100},"statements":{"total":5,"covered":5,"skipped":0,"pct":100},"branches":{"total":0,"covered":0,"skipped":0,"pct":100}}
,"C:\\Users\\jefer\\OneDrive\\Escritorio\\Mercapleno\\mercapleno-backend\\src\\auth\\decorators\\roles.decorator.ts": {"lines":{"total":3,"covered":3,"skipped":0,"pct":100},"functions":{"total":1,"covered":1,"skipped":0,"pct":100},"statements":{"total":5,"covered":5,"skipped":0,"pct":100},"branches":{"total":0,"covered":0,"skipped":0,"pct":100}}
,"C:\\Users\\jefer\\OneDrive\\Escritorio\\Mercapleno\\mercapleno-backend\\src\\auth\\guards\\jwt-auth.guard.ts": {"lines":{"total":14,"covered":14,"skipped":0,"pct":100},"functions":{"total":2,"covered":2,"skipped":0,"pct":100},"statements":{"total":16,"covered":16,"skipped":0,"pct":100},"branches":{"total":4,"covered":4,"skipped":0,"pct":100}}
,"C:\\Users\\jefer\\OneDrive\\Escritorio\\Mercapleno\\mercapleno-backend\\src\\auth\\guards\\roles.guard.ts": {"lines":{"total":17,"covered":17,"skipped":0,"pct":100},"functions":{"total":2,"covered":2,"skipped":0,"pct":100},"statements":{"total":19,"covered":19,"skipped":0,"pct":100},"branches":{"total":10,"covered":10,"skipped":0,"pct":100}}
,"C:\\Users\\jefer\\OneDrive\\Escritorio\\Mercapleno\\mercapleno-backend\\src\\auth\\strategies\\jwt.strategy.ts": {"lines":{"total":17,"covered":17,"skipped":0,"pct":100},"functions":{"total":3,"covered":3,"skipped":0,"pct":100},"statements":{"total":19,"covered":19,"skipped":0,"pct":100},"branches":{"total":17,"covered":16,"skipped":0,"pct":94.11}}
,"C:\\Users\\jefer\\OneDrive\\Escritorio\\Mercapleno\\mercapleno-backend\\src\\cart\\cart.controller.ts": {"lines":{"total":18,"covered":12,"skipped":0,"pct":66.66},"functions":{"total":7,"covered":1,"skipped":0,"pct":14.28},"statements":{"total":20,"covered":14,"skipped":0,"pct":70},"branches":{"total":0,"covered":0,"skipped":0,"pct":100}}
,"C:\\Users\\jefer\\OneDrive\\Escritorio\\Mercapleno\\mercapleno-backend\\src\\cart\\cart.service.ts": {"lines":{"total":58,"covered":4,"skipped":0,"pct":6.89},"functions":{"total":14,"covered":1,"skipped":0,"pct":7.14},"statements":{"total":62,"covered":6,"skipped":0,"pct":9.67},"branches":{"total":30,"covered":0,"skipped":0,"pct":0}}
,"C:\\Users\\jefer\\OneDrive\\Escritorio\\Mercapleno\\mercapleno-backend\\src\\common\\constants\\validation.patterns.ts": {"lines":{"total":10,"covered":10,"skipped":0,"pct":100},"functions":{"total":0,"covered":0,"skipped":0,"pct":100},"statements":{"total":10,"covered":10,"skipped":0,"pct":100},"branches":{"total":0,"covered":0,"skipped":0,"pct":100}}
,"C:\\Users\\jefer\\OneDrive\\Escritorio\\Mercapleno\\mercapleno-backend\\src\\common\\database\\mysql.service.ts": {"lines":{"total":8,"covered":6,"skipped":0,"pct":75},"functions":{"total":4,"covered":2,"skipped":0,"pct":50},"statements":{"total":10,"covered":8,"skipped":0,"pct":80},"branches":{"total":1,"covered":0,"skipped":0,"pct":0}}
,"C:\\Users\\jefer\\OneDrive\\Escritorio\\Mercapleno\\mercapleno-backend\\src\\common\\filters\\http-exception.filter.ts": {"lines":{"total":53,"covered":0,"skipped":0,"pct":0},"functions":{"total":2,"covered":0,"skipped":0,"pct":0},"statements":{"total":55,"covered":0,"skipped":0,"pct":0},"branches":{"total":38,"covered":0,"skipped":0,"pct":0}}
,"C:\\Users\\jefer\\OneDrive\\Escritorio\\Mercapleno\\mercapleno-backend\\src\\common\\logger\\logger.middleware.ts": {"lines":{"total":15,"covered":3,"skipped":0,"pct":20},"functions":{"total":1,"covered":0,"skipped":0,"pct":0},"statements":{"total":17,"covered":5,"skipped":0,"pct":29.41},"branches":{"total":4,"covered":0,"skipped":0,"pct":0}}
,"C:\\Users\\jefer\\OneDrive\\Escritorio\\Mercapleno\\mercapleno-backend\\src\\common\\stock\\low-stock.util.ts": {"lines":{"total":7,"covered":6,"skipped":0,"pct":85.71},"functions":{"total":2,"covered":2,"skipped":0,"pct":100},"statements":{"total":10,"covered":9,"skipped":0,"pct":90},"branches":{"total":4,"covered":2,"skipped":0,"pct":50}}
,"C:\\Users\\jefer\\OneDrive\\Escritorio\\Mercapleno\\mercapleno-backend\\src\\common\\utils\\prisma-error.util.ts": {"lines":{"total":14,"covered":14,"skipped":0,"pct":100},"functions":{"total":1,"covered":1,"skipped":0,"pct":100},"statements":{"total":14,"covered":14,"skipped":0,"pct":100},"branches":{"total":14,"covered":12,"skipped":0,"pct":85.71}}
,"C:\\Users\\jefer\\OneDrive\\Escritorio\\Mercapleno\\mercapleno-backend\\src\\common\\utils\\user-mapper.util.ts": {"lines":{"total":4,"covered":4,"skipped":0,"pct":100},"functions":{"total":2,"covered":2,"skipped":0,"pct":100},"statements":{"total":4,"covered":4,"skipped":0,"pct":100},"branches":{"total":16,"covered":16,"skipped":0,"pct":100}}
,"C:\\Users\\jefer\\OneDrive\\Escritorio\\Mercapleno\\mercapleno-backend\\src\\config\\envs.ts": {"lines":{"total":18,"covered":11,"skipped":0,"pct":61.11},"functions":{"total":2,"covered":2,"skipped":0,"pct":100},"statements":{"total":18,"covered":11,"skipped":0,"pct":61.11},"branches":{"total":22,"covered":11,"skipped":0,"pct":50}}
,"C:\\Users\\jefer\\OneDrive\\Escritorio\\Mercapleno\\mercapleno-backend\\src\\config\\index.ts": {"lines":{"total":1,"covered":1,"skipped":0,"pct":100},"functions":{"total":0,"covered":0,"skipped":0,"pct":100},"statements":{"total":1,"covered":1,"skipped":0,"pct":100},"branches":{"total":0,"covered":0,"skipped":0,"pct":100}}
,"C:\\Users\\jefer\\OneDrive\\Escritorio\\Mercapleno\\mercapleno-backend\\src\\email\\email.service.ts": {"lines":{"total":48,"covered":8,"skipped":0,"pct":16.66},"functions":{"total":11,"covered":1,"skipped":0,"pct":9.09},"statements":{"total":50,"covered":10,"skipped":0,"pct":20},"branches":{"total":30,"covered":0,"skipped":0,"pct":0}}
,"C:\\Users\\jefer\\OneDrive\\Escritorio\\Mercapleno\\mercapleno-backend\\src\\inventory\\inventory.controller.ts": {"lines":{"total":15,"covered":12,"skipped":0,"pct":80},"functions":{"total":4,"covered":1,"skipped":0,"pct":25},"statements":{"total":17,"covered":14,"skipped":0,"pct":82.35},"branches":{"total":0,"covered":0,"skipped":0,"pct":100}}
,"C:\\Users\\jefer\\OneDrive\\Escritorio\\Mercapleno\\mercapleno-backend\\src\\inventory\\inventory.service.ts": {"lines":{"total":87,"covered":8,"skipped":0,"pct":9.19},"functions":{"total":14,"covered":1,"skipped":0,"pct":7.14},"statements":{"total":90,"covered":10,"skipped":0,"pct":11.11},"branches":{"total":62,"covered":0,"skipped":0,"pct":0}}
,"C:\\Users\\jefer\\OneDrive\\Escritorio\\Mercapleno\\mercapleno-backend\\src\\prisma\\prisma.service.ts": {"lines":{"total":11,"covered":9,"skipped":0,"pct":81.81},"functions":{"total":3,"covered":3,"skipped":0,"pct":100},"statements":{"total":13,"covered":11,"skipped":0,"pct":84.61},"branches":{"total":2,"covered":0,"skipped":0,"pct":0}}
,"C:\\Users\\jefer\\OneDrive\\Escritorio\\Mercapleno\\mercapleno-backend\\src\\products\\product-image-upload.util.ts": {"lines":{"total":55,"covered":18,"skipped":0,"pct":32.72},"functions":{"total":10,"covered":3,"skipped":0,"pct":30},"statements":{"total":55,"covered":18,"skipped":0,"pct":32.72},"branches":{"total":30,"covered":3,"skipped":0,"pct":10}}
,"C:\\Users\\jefer\\OneDrive\\Escritorio\\Mercapleno\\mercapleno-backend\\src\\products\\products.controller.ts": {"lines":{"total":21,"covered":19,"skipped":0,"pct":90.47},"functions":{"total":6,"covered":4,"skipped":0,"pct":66.66},"statements":{"total":23,"covered":21,"skipped":0,"pct":91.3},"branches":{"total":0,"covered":0,"skipped":0,"pct":100}}
,"C:\\Users\\jefer\\OneDrive\\Escritorio\\Mercapleno\\mercapleno-backend\\src\\products\\products.service.ts": {"lines":{"total":72,"covered":34,"skipped":0,"pct":47.22},"functions":{"total":13,"covered":7,"skipped":0,"pct":53.84},"statements":{"total":78,"covered":37,"skipped":0,"pct":47.43},"branches":{"total":75,"covered":11,"skipped":0,"pct":14.66}}
,"C:\\Users\\jefer\\OneDrive\\Escritorio\\Mercapleno\\mercapleno-backend\\src\\products\\dto\\product-status.enum.ts": {"lines":{"total":4,"covered":0,"skipped":0,"pct":0},"functions":{"total":1,"covered":0,"skipped":0,"pct":0},"statements":{"total":4,"covered":0,"skipped":0,"pct":0},"branches":{"total":2,"covered":0,"skipped":0,"pct":0}}
,"C:\\Users\\jefer\\OneDrive\\Escritorio\\Mercapleno\\mercapleno-backend\\src\\proveedores\\proveedores.controller.ts": {"lines":{"total":25,"covered":17,"skipped":0,"pct":68},"functions":{"total":9,"covered":1,"skipped":0,"pct":11.11},"statements":{"total":27,"covered":19,"skipped":0,"pct":70.37},"branches":{"total":0,"covered":0,"skipped":0,"pct":100}}
,"C:\\Users\\jefer\\OneDrive\\Escritorio\\Mercapleno\\mercapleno-backend\\src\\proveedores\\proveedores.service.ts": {"lines":{"total":91,"covered":5,"skipped":0,"pct":5.49},"functions":{"total":15,"covered":1,"skipped":0,"pct":6.66},"statements":{"total":93,"covered":7,"skipped":0,"pct":7.52},"branches":{"total":57,"covered":0,"skipped":0,"pct":0}}
,"C:\\Users\\jefer\\OneDrive\\Escritorio\\Mercapleno\\mercapleno-backend\\src\\reports\\reports.controller.ts": {"lines":{"total":19,"covered":19,"skipped":0,"pct":100},"functions":{"total":6,"covered":6,"skipped":0,"pct":100},"statements":{"total":21,"covered":21,"skipped":0,"pct":100},"branches":{"total":0,"covered":0,"skipped":0,"pct":100}}
,"C:\\Users\\jefer\\OneDrive\\Escritorio\\Mercapleno\\mercapleno-backend\\src\\reports\\reports.service.ts": {"lines":{"total":92,"covered":85,"skipped":0,"pct":92.39},"functions":{"total":13,"covered":13,"skipped":0,"pct":100},"statements":{"total":96,"covered":89,"skipped":0,"pct":92.7},"branches":{"total":12,"covered":6,"skipped":0,"pct":50}}
,"C:\\Users\\jefer\\OneDrive\\Escritorio\\Mercapleno\\mercapleno-backend\\src\\sales\\sales.controller.ts": {"lines":{"total":16,"covered":12,"skipped":0,"pct":75},"functions":{"total":5,"covered":1,"skipped":0,"pct":20},"statements":{"total":18,"covered":14,"skipped":0,"pct":77.77},"branches":{"total":0,"covered":0,"skipped":0,"pct":100}}
,"C:\\Users\\jefer\\OneDrive\\Escritorio\\Mercapleno\\mercapleno-backend\\src\\sales\\sales.service.ts": {"lines":{"total":107,"covered":89,"skipped":0,"pct":83.17},"functions":{"total":12,"covered":10,"skipped":0,"pct":83.33},"statements":{"total":111,"covered":92,"skipped":0,"pct":82.88},"branches":{"total":70,"covered":39,"skipped":0,"pct":55.71}}
,"C:\\Users\\jefer\\OneDrive\\Escritorio\\Mercapleno\\mercapleno-backend\\src\\users-admin\\users-admin.controller.ts": {"lines":{"total":22,"covered":22,"skipped":0,"pct":100},"functions":{"total":8,"covered":8,"skipped":0,"pct":100},"statements":{"total":24,"covered":24,"skipped":0,"pct":100},"branches":{"total":0,"covered":0,"skipped":0,"pct":100}}
,"C:\\Users\\jefer\\OneDrive\\Escritorio\\Mercapleno\\mercapleno-backend\\src\\users-admin\\users-admin.service.ts": {"lines":{"total":70,"covered":70,"skipped":0,"pct":100},"functions":{"total":11,"covered":11,"skipped":0,"pct":100},"statements":{"total":72,"covered":72,"skipped":0,"pct":100},"branches":{"total":64,"covered":63,"skipped":0,"pct":98.43}}
}
