TN:
SF:src\auth\auth.controller.ts
FN:17,(anonymous_4)
FN:19,(anonymous_5)
FN:34,(anonymous_6)
FN:41,(anonymous_7)
FN:53,(anonymous_8)
FN:70,(anonymous_9)
FN:83,(anonymous_10)
FN:90,(anonymous_11)
FN:97,(anonymous_12)
FN:104,(anonymous_13)
FN:112,(anonymous_14)
FNF:11
FNH:1
FNDA:1,(anonymous_4)
FNDA:0,(anonymous_5)
FNDA:0,(anonymous_6)
FNDA:0,(anonymous_7)
FNDA:0,(anonymous_8)
FNDA:0,(anonymous_9)
FNDA:0,(anonymous_10)
FNDA:0,(anonymous_11)
FNDA:0,(anonymous_12)
FNDA:0,(anonymous_13)
FNDA:0,(anonymous_14)
DA:1,1
DA:2,1
DA:4,1
DA:5,1
DA:6,1
DA:7,1
DA:8,1
DA:9,1
DA:10,1
DA:11,1
DA:12,1
DA:16,1
DA:17,1
DA:20,0
DA:22,0
DA:34,1
DA:35,0
DA:41,1
DA:42,0
DA:53,1
DA:54,0
DA:56,0
DA:57,0
DA:60,0
DA:70,1
DA:71,0
DA:73,0
DA:74,0
DA:77,0
DA:83,1
DA:84,0
DA:90,1
DA:91,0
DA:97,1
DA:98,0
DA:104,1
DA:105,0
DA:112,1
DA:113,0
DA:114,0
DA:120,0
LF:41
LH:22
BRDA:20,0,0,0
BRDA:20,0,1,0
BRDA:25,1,0,0
BRDA:25,1,1,0
BRDA:56,2,0,0
BRDA:56,2,1,0
BRDA:56,3,0,0
BRDA:56,3,1,0
BRDA:56,3,2,0
BRDA:56,3,3,0
BRDA:73,4,0,0
BRDA:73,4,1,0
BRDA:73,5,0,0
BRDA:73,5,1,0
BRDA:73,5,2,0
BRDA:73,5,3,0
BRDA:113,6,0,0
BRDA:113,6,1,0
BRDA:118,7,0,0
BRDA:118,7,1,0
BRF:20
BRH:0
end_of_record
TN:
SF:src\auth\auth.service.ts
FN:38,(anonymous_2)
FN:44,(anonymous_3)
FN:48,(anonymous_4)
FN:52,(anonymous_5)
FN:59,(anonymous_6)
FN:63,(anonymous_7)
FN:67,(anonymous_8)
FN:74,(anonymous_9)
FN:78,(anonymous_10)
FN:87,(anonymous_11)
FN:101,(anonymous_12)
FN:115,(anonymous_13)
FN:141,(anonymous_14)
FN:160,(anonymous_15)
FN:183,(anonymous_16)
FN:200,(anonymous_17)
FN:275,(anonymous_18)
FN:318,(anonymous_19)
FN:377,(anonymous_20)
FN:427,(anonymous_21)
FN:463,(anonymous_22)
FN:492,(anonymous_23)
FN:548,(anonymous_24)
FNF:23
FNH:1
FNDA:1,(anonymous_2)
FNDA:0,(anonymous_3)
FNDA:0,(anonymous_4)
FNDA:0,(anonymous_5)
FNDA:0,(anonymous_6)
FNDA:0,(anonymous_7)
FNDA:0,(anonymous_8)
FNDA:0,(anonymous_9)
FNDA:0,(anonymous_10)
FNDA:0,(anonymous_11)
FNDA:0,(anonymous_12)
FNDA:0,(anonymous_13)
FNDA:0,(anonymous_14)
FNDA:0,(anonymous_15)
FNDA:0,(anonymous_16)
FNDA:0,(anonymous_17)
FNDA:0,(anonymous_18)
FNDA:0,(anonymous_19)
FNDA:0,(anonymous_20)
FNDA:0,(anonymous_21)
FNDA:0,(anonymous_22)
FNDA:0,(anonymous_23)
FNDA:0,(anonymous_24)
DA:1,1
DA:11,1
DA:12,1
DA:13,1
DA:14,1
DA:15,1
DA:16,1
DA:17,1
DA:18,1
DA:35,1
DA:36,1
DA:39,1
DA:40,1
DA:41,1
DA:45,0
DA:49,0
DA:53,0
DA:54,0
DA:56,0
DA:60,0
DA:64,0
DA:68,0
DA:69,0
DA:71,0
DA:75,0
DA:79,0
DA:88,0
DA:102,0
DA:103,0
DA:121,0
DA:122,0
DA:123,0
DA:125,0
DA:134,0
DA:142,0
DA:145,0
DA:161,0
DA:162,0
DA:164,0
DA:171,0
DA:174,0
DA:176,0
DA:184,0
DA:194,0
DA:201,0
DA:202,0
DA:207,0
DA:208,0
DA:214,0
DA:219,0
DA:220,0
DA:226,0
DA:227,0
DA:228,0
DA:229,0
DA:230,0
DA:232,0
DA:233,0
DA:250,0
DA:251,0
DA:252,0
DA:257,0
DA:259,0
DA:262,0
DA:271,0
DA:276,0
DA:277,0
DA:285,0
DA:286,0
DA:289,0
DA:290,0
DA:291,0
DA:294,0
DA:295,0
DA:302,0
DA:303,0
DA:306,0
DA:308,0
DA:310,0
DA:319,0
DA:321,0
DA:332,0
DA:333,0
DA:336,0
DA:337,0
DA:343,0
DA:344,0
DA:350,0
DA:351,0
DA:352,0
DA:358,0
DA:359,0
DA:365,0
DA:367,0
DA:369,0
DA:378,0
DA:379,0
DA:389,0
DA:390,0
DA:393,0
DA:394,0
DA:397,0
DA:398,0
DA:404,0
DA:405,0
DA:411,0
DA:412,0
DA:415,0
DA:424,0
DA:428,0
DA:429,0
DA:434,0
DA:435,0
DA:438,0
DA:439,0
DA:442,0
DA:443,0
DA:444,0
DA:446,0
DA:454,0
DA:460,0
DA:464,0
DA:465,0
DA:470,0
DA:471,0
DA:474,0
DA:475,0
DA:476,0
DA:478,0
DA:486,0
DA:488,0
DA:493,0
DA:494,0
DA:496,0
DA:497,0
DA:503,0
DA:504,0
DA:513,0
DA:514,0
DA:517,0
DA:518,0
DA:524,0
DA:525,0
DA:531,0
DA:532,0
DA:535,0
DA:536,0
DA:545,0
DA:549,0
LF:149
LH:14
BRDA:53,0,0,0
BRDA:53,0,1,0
BRDA:53,1,0,0
BRDA:53,1,1,0
BRDA:53,1,2,0
BRDA:60,2,0,0
BRDA:60,2,1,0
BRDA:68,3,0,0
BRDA:68,3,1,0
BRDA:75,4,0,0
BRDA:75,4,1,0
BRDA:164,5,0,0
BRDA:164,5,1,0
BRDA:165,6,0,0
BRDA:165,6,1,0
BRDA:165,6,2,0
BRDA:165,6,3,0
BRDA:165,6,4,0
BRDA:207,7,0,0
BRDA:207,7,1,0
BRDA:219,8,0,0
BRDA:219,8,1,0
BRDA:264,9,0,0
BRDA:264,9,1,0
BRDA:285,10,0,0
BRDA:285,10,1,0
BRDA:289,11,0,0
BRDA:289,11,1,0
BRDA:290,12,0,0
BRDA:290,12,1,0
BRDA:294,13,0,0
BRDA:294,13,1,0
BRDA:302,14,0,0
BRDA:302,14,1,0
BRDA:332,15,0,0
BRDA:332,15,1,0
BRDA:336,16,0,0
BRDA:336,16,1,0
BRDA:343,17,0,0
BRDA:343,17,1,0
BRDA:343,18,0,0
BRDA:343,18,1,0
BRDA:350,19,0,0
BRDA:350,19,1,0
BRDA:358,20,0,0
BRDA:358,20,1,0
BRDA:389,21,0,0
BRDA:389,21,1,0
BRDA:393,22,0,0
BRDA:393,22,1,0
BRDA:397,23,0,0
BRDA:397,23,1,0
BRDA:397,24,0,0
BRDA:397,24,1,0
BRDA:404,25,0,0
BRDA:404,25,1,0
BRDA:411,26,0,0
BRDA:411,26,1,0
BRDA:434,27,0,0
BRDA:434,27,1,0
BRDA:438,28,0,0
BRDA:438,28,1,0
BRDA:470,29,0,0
BRDA:470,29,1,0
BRDA:493,30,0,0
BRDA:493,30,1,0
BRDA:493,30,2,0
BRDA:494,31,0,0
BRDA:494,31,1,0
BRDA:494,31,2,0
BRDA:496,32,0,0
BRDA:496,32,1,0
BRDA:496,33,0,0
BRDA:496,33,1,0
BRDA:496,33,2,0
BRDA:513,34,0,0
BRDA:513,34,1,0
BRDA:517,35,0,0
BRDA:517,35,1,0
BRDA:517,36,0,0
BRDA:517,36,1,0
BRDA:524,37,0,0
BRDA:524,37,1,0
BRDA:531,38,0,0
BRDA:531,38,1,0
BRF:85
BRH:0
end_of_record
TN:
SF:src\auth\decorators\current-user.decorator.ts
FN:5,(anonymous_0)
FNF:1
FNH:0
FNDA:0,(anonymous_0)
DA:1,1
DA:4,1
DA:6,0
DA:7,0
LF:4
LH:2
BRF:0
BRH:0
end_of_record
TN:
SF:src\auth\decorators\public.decorator.ts
FN:4,(anonymous_0)
FNF:1
FNH:1
FNDA:14,(anonymous_0)
DA:1,1
DA:3,1
DA:4,14
LF:3
LH:3
BRF:0
BRH:0
end_of_record
TN:
SF:src\auth\decorators\roles.decorator.ts
FN:4,(anonymous_0)
FNF:1
FNH:1
FNDA:10,(anonymous_0)
DA:1,1
DA:3,1
DA:4,10
LF:3
LH:3
BRF:0
BRH:0
end_of_record
TN:
SF:src\auth\guards\jwt-auth.guard.ts
FN:9,(anonymous_2)
FN:13,(anonymous_3)
FNF:2
FNH:2
FNDA:1,(anonymous_2)
FNDA:9,(anonymous_3)
DA:1,1
DA:2,1
DA:3,1
DA:5,1
DA:8,1
DA:9,1
DA:10,1
DA:14,9
DA:16,9
DA:17,0
DA:20,9
DA:25,9
DA:26,0
DA:29,9
LF:14
LH:12
BRDA:16,0,0,0
BRDA:16,0,1,9
BRDA:25,1,0,0
BRDA:25,1,1,9
BRF:4
BRH:2
end_of_record
TN:
SF:src\auth\guards\roles.guard.ts
FN:14,(anonymous_2)
FN:16,(anonymous_3)
FNF:2
FNH:2
FNDA:1,(anonymous_2)
FNDA:9,(anonymous_3)
DA:1,1
DA:8,1
DA:9,1
DA:13,1
DA:14,1
DA:17,9
DA:19,9
DA:20,0
DA:23,9
DA:28,9
DA:29,0
DA:32,9
DA:34,9
DA:35,0
DA:38,9
DA:39,0
DA:42,9
LF:17
LH:13
BRDA:19,0,0,0
BRDA:19,0,1,9
BRDA:28,1,0,0
BRDA:28,1,1,9
BRDA:28,2,0,9
BRDA:28,2,1,9
BRDA:34,3,0,0
BRDA:34,3,1,9
BRDA:38,4,0,0
BRDA:38,4,1,9
BRF:10
BRH:6
end_of_record
TN:
SF:src\auth\strategies\jwt.strategy.ts
FN:17,(anonymous_2)
FN:19,(anonymous_3)
FN:40,(anonymous_4)
FNF:3
FNH:3
FNDA:1,(anonymous_2)
FNDA:9,(anonymous_3)
FNDA:9,(anonymous_4)
DA:1,1
DA:2,1
DA:3,1
DA:5,1
DA:16,1
DA:18,1
DA:20,9
DA:22,9
DA:23,0
DA:26,9
DA:27,9
DA:28,9
DA:29,9
DA:33,9
DA:41,9
DA:48,0
DA:51,9
LF:17
LH:15
BRDA:22,0,0,0
BRDA:22,0,1,9
BRDA:22,1,0,9
BRDA:22,1,1,9
BRDA:26,2,0,9
BRDA:26,2,1,0
BRDA:26,3,0,9
BRDA:26,3,1,9
BRDA:28,4,0,9
BRDA:28,4,1,0
BRDA:41,5,0,0
BRDA:41,5,1,9
BRDA:42,6,0,9
BRDA:42,6,1,9
BRDA:42,6,2,9
BRDA:42,6,3,9
BRDA:42,6,4,9
BRF:17
BRH:13
end_of_record
TN:
SF:src\cart\cart.controller.ts
FN:11,(anonymous_4)
FN:15,(anonymous_5)
FN:21,(anonymous_6)
FN:27,(anonymous_7)
FN:33,(anonymous_8)
FN:39,(anonymous_9)
FN:45,(anonymous_10)
FNF:7
FNH:1
FNDA:1,(anonymous_4)
FNDA:0,(anonymous_5)
FNDA:0,(anonymous_6)
FNDA:0,(anonymous_7)
FNDA:0,(anonymous_8)
FNDA:0,(anonymous_9)
FNDA:0,(anonymous_10)
DA:1,1
DA:2,1
DA:3,1
DA:5,1
DA:10,1
DA:11,1
DA:15,1
DA:16,0
DA:21,1
DA:22,0
DA:27,1
DA:28,0
DA:33,1
DA:34,0
DA:39,1
DA:40,0
DA:45,1
DA:46,0
LF:18
LH:12
BRF:0
BRH:0
end_of_record
TN:
SF:src\cart\cart.service.ts
FN:6,(anonymous_2)
FN:8,(anonymous_3)
FN:26,(anonymous_4)
FN:50,(anonymous_5)
FN:60,(anonymous_6)
FN:84,(anonymous_7)
FN:104,(anonymous_8)
FN:113,(anonymous_9)
FN:115,(anonymous_10)
FN:116,(anonymous_11)
FN:120,(anonymous_12)
FN:175,(anonymous_13)
FN:201,(anonymous_14)
FN:209,(anonymous_15)
FNF:14
FNH:1
FNDA:1,(anonymous_2)
FNDA:0,(anonymous_3)
FNDA:0,(anonymous_4)
FNDA:0,(anonymous_5)
FNDA:0,(anonymous_6)
FNDA:0,(anonymous_7)
FNDA:0,(anonymous_8)
FNDA:0,(anonymous_9)
FNDA:0,(anonymous_10)
FNDA:0,(anonymous_11)
FNDA:0,(anonymous_12)
FNDA:0,(anonymous_13)
FNDA:0,(anonymous_14)
FNDA:0,(anonymous_15)
DA:1,1
DA:2,1
DA:5,1
DA:6,1
DA:9,0
DA:14,0
DA:15,0
DA:18,0
DA:23,0
DA:27,0
DA:28,0
DA:31,0
DA:33,0
DA:50,0
DA:61,0
DA:62,0
DA:65,0
DA:84,0
DA:85,0
DA:86,0
DA:87,0
DA:88,0
DA:89,0
DA:91,0
DA:104,0
DA:105,0
DA:106,0
DA:108,0
DA:113,0
DA:115,0
DA:116,0
DA:121,0
DA:122,0
DA:123,0
DA:124,0
DA:126,0
DA:127,0
DA:130,0
DA:135,0
DA:136,0
DA:139,0
DA:140,0
DA:143,0
DA:148,0
DA:149,0
DA:152,0
DA:157,0
DA:158,0
DA:159,0
DA:160,0
DA:162,0
DA:163,0
DA:166,0
DA:167,0
DA:172,0
DA:176,0
DA:177,0
DA:178,0
DA:181,0
DA:182,0
DA:184,0
DA:185,0
DA:188,0
DA:193,0
DA:194,0
DA:197,0
DA:198,0
DA:202,0
DA:206,0
DA:210,0
DA:211,0
DA:212,0
LF:72
LH:4
BRDA:14,0,0,0
BRDA:14,0,1,0
BRDA:27,1,0,0
BRDA:27,1,1,0
BRDA:50,2,0,0
BRDA:50,2,1,0
BRDA:56,3,0,0
BRDA:56,3,1,0
BRDA:61,4,0,0
BRDA:61,4,1,0
BRDA:84,5,0,0
BRDA:84,5,1,0
BRDA:85,6,0,0
BRDA:85,6,1,0
BRDA:86,7,0,0
BRDA:86,7,1,0
BRDA:86,7,2,0
BRDA:87,8,0,0
BRDA:87,8,1,0
BRDA:87,8,2,0
BRDA:87,8,3,0
BRDA:88,9,0,0
BRDA:88,9,1,0
BRDA:88,9,2,0
BRDA:88,9,3,0
BRDA:89,10,0,0
BRDA:89,10,1,0
BRDA:89,10,2,0
BRDA:89,10,3,0
BRDA:94,11,0,0
BRDA:94,11,1,0
BRDA:126,12,0,0
BRDA:126,12,1,0
BRDA:126,13,0,0
BRDA:126,13,1,0
BRDA:126,13,2,0
BRDA:126,13,3,0
BRDA:135,14,0,0
BRDA:135,14,1,0
BRDA:139,15,0,0
BRDA:139,15,1,0
BRDA:148,16,0,0
BRDA:148,16,1,0
BRDA:148,17,0,0
BRDA:148,17,1,0
BRDA:157,18,0,0
BRDA:157,18,1,0
BRDA:159,19,0,0
BRDA:159,19,1,0
BRDA:159,20,0,0
BRDA:159,20,1,0
BRDA:177,21,0,0
BRDA:177,21,1,0
BRDA:184,22,0,0
BRDA:184,22,1,0
BRDA:193,23,0,0
BRDA:193,23,1,0
BRDA:193,24,0,0
BRDA:193,24,1,0
BRF:59
BRH:0
end_of_record
TN:
SF:src\common\constants\validation.patterns.ts
FNF:0
FNH:0
DA:1,1
DA:2,1
DA:4,1
DA:5,1
DA:7,1
DA:8,1
DA:9,1
DA:10,1
DA:11,1
DA:13,1
LF:10
LH:10
BRF:0
BRH:0
end_of_record
TN:
SF:src\common\database\index.ts
FNF:0
FNH:0
DA:1,0
DA:2,0
DA:3,0
DA:4,0
LF:4
LH:0
BRF:0
BRH:0
end_of_record
TN:
SF:src\common\database\mysql.service.ts
FNF:0
FNH:0
DA:1,1
DA:2,1
DA:8,1
LF:3
LH:3
BRF:0
BRH:0
end_of_record
TN:
SF:src\common\database\postgres.service.ts
FN:20,translateSqlToPostgres
FN:30,(anonymous_3)
FN:41,formatPostgresResult
FN:85,(anonymous_5)
FN:87,(anonymous_6)
FN:93,(anonymous_7)
FN:97,(anonymous_8)
FN:101,(anonymous_9)
FN:105,(anonymous_10)
FN:109,(anonymous_11)
FN:119,(anonymous_12)
FN:144,(anonymous_13)
FN:150,(anonymous_14)
FN:154,(anonymous_15)
FN:159,(anonymous_16)
FNF:15
FNH:0
FNDA:0,translateSqlToPostgres
FNDA:0,(anonymous_3)
FNDA:0,formatPostgresResult
FNDA:0,(anonymous_5)
FNDA:0,(anonymous_6)
FNDA:0,(anonymous_7)
FNDA:0,(anonymous_8)
FNDA:0,(anonymous_9)
FNDA:0,(anonymous_10)
FNDA:0,(anonymous_11)
FNDA:0,(anonymous_12)
FNDA:0,(anonymous_13)
FNDA:0,(anonymous_14)
FNDA:0,(anonymous_15)
FNDA:0,(anonymous_16)
DA:1,1
DA:2,1
DA:3,1
DA:20,1
DA:21,0
DA:24,0
DA:25,0
DA:26,0
DA:29,0
DA:30,0
DA:33,0
DA:34,0
DA:35,0
DA:38,0
DA:41,1
DA:42,0
DA:43,0
DA:45,0
DA:46,0
DA:48,0
DA:64,0
DA:71,0
DA:74,0
DA:75,0
DA:78,0
DA:81,0
DA:85,0
DA:88,0
DA:89,0
DA:90,0
DA:94,0
DA:98,0
DA:102,0
DA:106,0
DA:110,0
DA:115,1
DA:116,0
DA:120,0
DA:122,0
DA:127,0
DA:133,0
DA:145,0
DA:146,0
DA:147,0
DA:151,0
DA:155,0
DA:156,0
DA:160,0
LF:48
LH:6
BRDA:34,0,0,0
BRDA:34,0,1,0
BRDA:34,1,0,0
BRDA:34,1,1,0
BRDA:45,2,0,0
BRDA:45,2,1,0
BRDA:48,3,0,0
BRDA:48,3,1,0
BRDA:48,3,2,0
BRDA:48,3,3,0
BRDA:48,3,4,0
BRDA:48,3,5,0
BRDA:48,3,6,0
BRDA:48,3,7,0
BRDA:48,3,8,0
BRDA:48,3,9,0
BRDA:48,3,10,0
BRDA:48,3,11,0
BRDA:48,3,12,0
BRDA:48,3,13,0
BRDA:48,3,14,0
BRDA:66,4,0,0
BRDA:66,4,1,0
BRDA:66,4,2,0
BRDA:74,5,0,0
BRDA:74,5,1,0
BRDA:76,6,0,0
BRDA:76,6,1,0
BRDA:87,7,0,0
BRDA:93,8,0,0
BRDA:120,9,0,0
BRDA:120,9,1,0
BRDA:122,10,0,0
BRDA:122,10,1,0
BRDA:122,10,2,0
BRDA:122,10,3,0
BRDA:129,11,0,0
BRDA:129,11,1,0
BRDA:144,12,0,0
BRDA:150,13,0,0
BRF:40
BRH:0
end_of_record
TN:
SF:src\common\filters\http-exception.filter.ts
FN:12,(anonymous_1)
FN:15,(anonymous_2)
FNF:2
FNH:0
FNDA:0,(anonymous_1)
FNDA:0,(anonymous_2)
DA:1,0
DA:12,0
DA:13,0
DA:16,0
DA:17,0
DA:18,0
DA:19,0
DA:20,0
DA:21,0
DA:23,0
DA:25,0
DA:26,0
DA:27,0
DA:29,0
DA:30,0
DA:31,0
DA:32,0
DA:33,0
DA:34,0
DA:37,0
DA:40,0
DA:41,0
DA:45,0
DA:47,0
DA:48,0
DA:50,0
DA:51,0
DA:53,0
DA:54,0
DA:56,0
DA:57,0
DA:59,0
DA:60,0
DA:62,0
DA:63,0
DA:65,0
DA:66,0
DA:68,0
DA:69,0
DA:70,0
DA:71,0
DA:72,0
DA:73,0
DA:74,0
DA:75,0
DA:76,0
DA:77,0
DA:78,0
DA:79,0
DA:82,0
DA:85,0
DA:95,0
DA:99,0
LF:53
LH:0
BRDA:25,0,0,0
BRDA:25,0,1,0
BRDA:29,1,0,0
BRDA:29,1,1,0
BRDA:31,2,0,0
BRDA:31,2,1,0
BRDA:33,3,0,0
BRDA:33,3,1,0
BRDA:33,4,0,0
BRDA:33,4,1,0
BRDA:40,5,0,0
BRDA:40,5,1,0
BRDA:45,6,0,0
BRDA:45,6,1,0
BRDA:45,6,2,0
BRDA:45,6,3,0
BRDA:45,6,4,0
BRDA:45,6,5,0
BRDA:47,7,0,0
BRDA:47,7,1,0
BRDA:50,8,0,0
BRDA:50,8,1,0
BRDA:53,9,0,0
BRDA:53,9,1,0
BRDA:56,10,0,0
BRDA:56,10,1,0
BRDA:59,11,0,0
BRDA:59,11,1,0
BRDA:62,12,0,0
BRDA:62,12,1,0
BRDA:65,13,0,0
BRDA:65,13,1,0
BRDA:68,14,0,0
BRDA:68,14,1,0
BRDA:72,15,0,0
BRDA:72,15,1,0
BRDA:76,16,0,0
BRDA:76,16,1,0
BRF:38
BRH:0
end_of_record
TN:
SF:src\common\logger\logger.middleware.ts
FN:7,(anonymous_1)
FNF:1
FNH:0
FNDA:0,(anonymous_1)
DA:1,1
DA:3,1
DA:6,1
DA:8,0
DA:10,0
DA:11,0
DA:12,0
DA:14,0
DA:15,0
DA:16,0
DA:19,0
DA:20,0
DA:21,0
DA:24,0
DA:25,0
LF:15
LH:3
BRDA:14,0,0,0
BRDA:14,0,1,0
BRDA:19,1,0,0
BRDA:19,1,1,0
BRF:4
BRH:0
end_of_record
TN:
SF:src\common\stock\low-stock.util.ts
FN:12,(anonymous_0)
FN:17,(anonymous_1)
FNF:2
FNH:0
FNDA:0,(anonymous_0)
FNDA:0,(anonymous_1)
DA:1,1
DA:12,1
DA:17,1
DA:22,0
DA:23,0
DA:26,0
DA:28,0
LF:7
LH:3
BRDA:22,0,0,0
BRDA:22,0,1,0
BRDA:26,1,0,0
BRDA:26,1,1,0
BRF:4
BRH:0
end_of_record
TN:
SF:src\common\utils\prisma-error.util.ts
FN:4,handlePrismaPersistenceError
FNF:1
FNH:0
FNDA:0,handlePrismaPersistenceError
DA:1,1
DA:2,1
DA:4,1
DA:9,0
DA:10,0
DA:11,0
DA:12,0
DA:13,0
DA:18,0
DA:19,0
DA:24,0
DA:30,0
DA:31,0
DA:38,0
LF:14
LH:3
BRDA:9,0,0,0
BRDA:9,0,1,0
BRDA:10,1,0,0
BRDA:10,1,1,0
BRDA:11,2,0,0
BRDA:11,2,1,0
BRDA:12,3,0,0
BRDA:12,3,1,0
BRDA:18,4,0,0
BRDA:18,4,1,0
BRDA:30,5,0,0
BRDA:30,5,1,0
BRDA:30,6,0,0
BRDA:30,6,1,0
BRF:14
BRH:0
end_of_record
TN:
SF:src\common\utils\user-mapper.util.ts
FN:16,mapAuthUserResponse
FN:29,mapAdminUserResponse
FNF:2
FNH:0
FNDA:0,mapAuthUserResponse
FNDA:0,mapAdminUserResponse
DA:16,1
DA:17,0
DA:29,1
DA:30,0
LF:4
LH:2
BRDA:24,0,0,0
BRDA:24,0,1,0
BRDA:25,1,0,0
BRDA:25,1,1,0
BRDA:35,2,0,0
BRDA:35,2,1,0
BRDA:36,3,0,0
BRDA:36,3,1,0
BRDA:37,4,0,0
BRDA:37,4,1,0
BRDA:38,5,0,0
BRDA:38,5,1,0
BRDA:39,6,0,0
BRDA:39,6,1,0
BRDA:41,7,0,0
BRDA:41,7,1,0
BRF:16
BRH:0
end_of_record
TN:
SF:src\config\envs.ts
FN:74,(anonymous_0)
FN:112,(anonymous_1)
FNF:2
FNH:2
FNDA:2,(anonymous_0)
FNDA:8,(anonymous_1)
DA:1,2
DA:2,2
DA:34,2
DA:66,2
DA:68,2
DA:69,0
DA:72,2
DA:74,2
DA:75,2
DA:76,2
DA:79,0
DA:80,0
DA:81,0
DA:82,0
DA:83,0
DA:85,0
DA:88,2
DA:112,8
LF:18
LH:11
BRDA:68,0,0,0
BRDA:68,0,1,2
BRDA:75,1,0,2
BRDA:75,1,1,0
BRDA:75,2,0,2
BRDA:75,2,1,2
BRDA:80,3,0,0
BRDA:80,3,1,0
BRDA:90,4,0,2
BRDA:90,4,1,0
BRDA:100,5,0,2
BRDA:100,5,1,0
BRDA:101,6,0,2
BRDA:101,6,1,0
BRDA:104,7,0,2
BRDA:104,7,1,0
BRDA:105,8,0,2
BRDA:105,8,1,0
BRDA:106,9,0,2
BRDA:106,9,1,0
BRDA:107,10,0,2
BRDA:107,10,1,2
BRDA:108,11,0,2
BRDA:108,11,1,2
BRDA:112,12,0,2
BRDA:112,12,1,0
BRF:26
BRH:15
end_of_record
TN:
SF:src\config\index.ts
FNF:0
FNH:0
DA:1,2
LF:1
LH:1
BRF:0
BRH:0
end_of_record
TN:
SF:src\email\email.service.ts
FN:26,(anonymous_2)
FN:28,(anonymous_3)
FN:84,(anonymous_4)
FN:89,(anonymous_5)
FN:116,(anonymous_6)
FN:144,(anonymous_7)
FN:151,(anonymous_8)
FN:191,(anonymous_9)
FN:223,(anonymous_10)
FN:266,(anonymous_11)
FN:301,(anonymous_12)
FN:314,(anonymous_13)
FN:315,(anonymous_14)
FN:345,(anonymous_15)
FN:358,(anonymous_16)
FNF:15
FNH:13
FNDA:15,(anonymous_2)
FNDA:9,(anonymous_3)
FNDA:7,(anonymous_4)
FNDA:8,(anonymous_5)
FNDA:0,(anonymous_6)
FNDA:1,(anonymous_7)
FNDA:0,(anonymous_8)
FNDA:1,(anonymous_9)
FNDA:2,(anonymous_10)
FNDA:1,(anonymous_11)
FNDA:4,(anonymous_12)
FNDA:5,(anonymous_13)
FNDA:5,(anonymous_14)
FNDA:3,(anonymous_15)
FNDA:3,(anonymous_16)
DA:1,2
DA:2,2
DA:4,2
DA:5,2
DA:22,2
DA:23,15
DA:24,15
DA:26,15
DA:29,9
DA:30,1
DA:33,8
DA:34,8
DA:36,8
DA:37,1
DA:41,7
DA:45,7
DA:46,7
DA:76,7
DA:77,7
DA:79,0
DA:80,0
DA:85,7
DA:86,7
DA:90,8
DA:91,8
DA:94,8
DA:95,1
DA:97,1
DA:101,1
DA:116,1
DA:117,1
DA:118,1
DA:119,1
DA:121,0
DA:122,0
DA:125,0
DA:130,7
DA:131,1
DA:132,1
DA:133,1
DA:135,1
DA:144,1
DA:151,1
DA:152,1
DA:153,1
DA:154,1
DA:155,1
DA:157,0
DA:158,0
DA:161,0
DA:166,6
DA:167,6
DA:168,6
DA:169,6
DA:176,6
DA:177,6
DA:179,0
DA:180,0
DA:184,0
DA:185,0
DA:188,0
DA:192,1
DA:229,2
DA:230,2
DA:267,1
DA:302,4
DA:303,1
DA:306,3
DA:311,3
DA:314,5
DA:315,5
DA:319,3
DA:320,1
DA:321,1
DA:324,2
DA:332,2
DA:334,2
DA:338,2
DA:345,3
DA:358,3
LF:80
LH:67
BRDA:29,0,0,1
BRDA:29,0,1,8
BRDA:36,1,0,1
BRDA:36,1,1,7
BRDA:36,2,0,8
BRDA:36,2,1,7
BRDA:41,3,0,7
BRDA:41,3,1,0
BRDA:41,3,2,0
BRDA:46,4,0,7
BRDA:46,4,1,0
BRDA:61,5,0,0
BRDA:61,5,1,0
BRDA:62,6,0,0
BRDA:62,6,1,0
BRDA:63,7,0,0
BRDA:63,7,1,0
BRDA:85,8,0,7
BRDA:85,8,1,0
BRDA:85,8,2,0
BRDA:86,9,0,7
BRDA:86,9,1,0
BRDA:90,10,0,2
BRDA:90,10,1,6
BRDA:94,11,0,1
BRDA:94,11,1,7
BRDA:97,12,0,0
BRDA:97,12,1,1
BRDA:97,13,0,1
BRDA:97,13,1,1
BRDA:98,14,0,0
BRDA:98,14,1,0
BRDA:99,15,0,1
BRDA:99,15,1,0
BRDA:117,16,0,1
BRDA:117,16,1,0
BRDA:117,17,0,1
BRDA:117,17,1,1
BRDA:121,18,0,0
BRDA:121,18,1,0
BRDA:121,18,2,0
BRDA:130,19,0,1
BRDA:130,19,1,6
BRDA:132,20,0,1
BRDA:132,20,1,0
BRDA:132,20,2,0
BRDA:133,21,0,1
BRDA:133,21,1,0
BRDA:152,22,0,1
BRDA:152,22,1,0
BRDA:152,23,0,1
BRDA:152,23,1,1
BRDA:152,23,2,0
BRDA:153,24,0,1
BRDA:153,24,1,0
BRDA:157,25,0,0
BRDA:157,25,1,0
BRDA:157,25,2,0
BRDA:167,26,0,6
BRDA:167,26,1,0
BRDA:184,27,0,0
BRDA:184,27,1,0
BRDA:184,28,0,0
BRDA:184,28,1,0
BRDA:229,29,0,2
BRDA:229,29,1,1
BRDA:302,30,0,1
BRDA:302,30,1,3
BRDA:319,31,0,1
BRDA:319,31,1,2
BRDA:332,32,0,2
BRDA:332,32,1,1
BRDA:334,33,0,1
BRDA:334,33,1,1
BRDA:360,34,0,3
BRDA:360,34,1,1
BRF:76
BRH:42
end_of_record
TN:
SF:src\inventory\inventory.controller.ts
FN:15,(anonymous_4)
FN:19,(anonymous_5)
FN:25,(anonymous_6)
FN:31,(anonymous_7)
FNF:4
FNH:1
FNDA:1,(anonymous_4)
FNDA:0,(anonymous_5)
FNDA:0,(anonymous_6)
FNDA:0,(anonymous_7)
DA:1,1
DA:2,1
DA:3,1
DA:4,1
DA:6,1
DA:7,1
DA:8,1
DA:14,1
DA:15,1
DA:19,1
DA:20,0
DA:25,1
DA:26,0
DA:31,1
DA:32,0
LF:15
LH:12
BRF:0
BRH:0
end_of_record
TN:
SF:src\inventory\inventory.service.ts
FN:23,(anonymous_2)
FN:28,(anonymous_3)
FN:40,(anonymous_4)
FN:53,(anonymous_5)
FN:57,(anonymous_6)
FN:183,(anonymous_7)
FN:207,(anonymous_8)
FN:235,(anonymous_9)
FN:242,(anonymous_10)
FN:252,(anonymous_11)
FN:265,(anonymous_12)
FN:273,(anonymous_13)
FN:289,(anonymous_14)
FN:305,(anonymous_15)
FNF:14
FNH:1
FNDA:1,(anonymous_2)
FNDA:0,(anonymous_3)
FNDA:0,(anonymous_4)
FNDA:0,(anonymous_5)
FNDA:0,(anonymous_6)
FNDA:0,(anonymous_7)
FNDA:0,(anonymous_8)
FNDA:0,(anonymous_9)
FNDA:0,(anonymous_10)
FNDA:0,(anonymous_11)
FNDA:0,(anonymous_12)
FNDA:0,(anonymous_13)
FNDA:0,(anonymous_14)
FNDA:0,(anonymous_15)
DA:1,1
DA:2,1
DA:3,1
DA:4,1
DA:20,1
DA:21,1
DA:24,1
DA:25,1
DA:29,0
DA:39,0
DA:40,0
DA:41,0
DA:42,0
DA:44,0
DA:54,0
DA:58,0
DA:59,0
DA:61,0
DA:63,0
DA:64,0
DA:67,0
DA:68,0
DA:70,0
DA:71,0
DA:72,0
DA:73,0
DA:74,0
DA:77,0
DA:78,0
DA:85,0
DA:87,0
DA:89,0
DA:99,0
DA:103,0
DA:105,0
DA:106,0
DA:112,0
DA:117,0
DA:118,0
DA:122,0
DA:132,0
DA:136,0
DA:138,0
DA:139,0
DA:145,0
DA:146,0
DA:147,0
DA:150,0
DA:152,0
DA:153,0
DA:156,0
DA:159,0
DA:164,0
DA:166,0
DA:167,0
DA:170,0
DA:175,0
DA:177,0
DA:178,0
DA:184,0
DA:195,0
DA:196,0
DA:197,0
DA:200,0
DA:208,0
DA:209,0
DA:235,0
DA:249,0
DA:253,0
DA:254,0
DA:257,0
DA:258,0
DA:259,0
DA:262,0
DA:266,0
DA:267,0
DA:270,0
DA:274,0
DA:275,0
DA:278,0
DA:279,0
DA:281,0
DA:290,0
DA:291,0
DA:294,0
DA:295,0
DA:298,0
DA:299,0
DA:301,0
DA:306,0
DA:307,0
DA:309,0
LF:92
LH:8
BRDA:41,0,0,0
BRDA:41,0,1,0
BRDA:42,1,0,0
BRDA:42,1,1,0
BRDA:46,2,0,0
BRDA:46,2,1,0
BRDA:58,3,0,0
BRDA:58,3,1,0
BRDA:59,4,0,0
BRDA:59,4,1,0
BRDA:63,5,0,0
BRDA:63,5,1,0
BRDA:63,6,0,0
BRDA:63,6,1,0
BRDA:77,7,0,0
BRDA:77,7,1,0
BRDA:77,8,0,0
BRDA:77,8,1,0
BRDA:85,9,0,0
BRDA:85,9,1,0
BRDA:87,10,0,0
BRDA:87,10,1,0
BRDA:95,11,0,0
BRDA:95,11,1,0
BRDA:103,12,0,0
BRDA:103,12,1,0
BRDA:103,12,2,0
BRDA:105,13,0,0
BRDA:105,13,1,0
BRDA:117,14,0,0
BRDA:117,14,1,0
BRDA:117,15,0,0
BRDA:117,15,1,0
BRDA:136,16,0,0
BRDA:136,16,1,0
BRDA:136,16,2,0
BRDA:138,17,0,0
BRDA:138,17,1,0
BRDA:146,18,0,0
BRDA:146,18,1,0
BRDA:152,19,0,0
BRDA:152,19,1,0
BRDA:161,20,0,0
BRDA:161,20,1,0
BRDA:166,21,0,0
BRDA:166,21,1,0
BRDA:171,22,0,0
BRDA:171,22,1,0
BRDA:172,23,0,0
BRDA:172,23,1,0
BRDA:177,24,0,0
BRDA:177,24,1,0
BRDA:196,25,0,0
BRDA:196,25,1,0
BRDA:202,26,0,0
BRDA:202,26,1,0
BRDA:203,27,0,0
BRDA:203,27,1,0
BRDA:238,28,0,0
BRDA:238,28,1,0
BRDA:253,29,0,0
BRDA:253,29,1,0
BRDA:258,30,0,0
BRDA:258,30,1,0
BRDA:258,31,0,0
BRDA:258,31,1,0
BRDA:266,32,0,0
BRDA:266,32,1,0
BRDA:274,33,0,0
BRDA:274,33,1,0
BRDA:290,34,0,0
BRDA:290,34,1,0
BRDA:294,35,0,0
BRDA:294,35,1,0
BRF:74
BRH:0
end_of_record
TN:
SF:src\prisma\prisma.service.ts
FN:9,(anonymous_2)
FN:19,(anonymous_3)
FN:30,(anonymous_4)
FNF:3
FNH:3
FNDA:1,(anonymous_2)
FNDA:1,(anonymous_3)
FNDA:1,(anonymous_4)
DA:1,2
DA:2,2
DA:3,2
DA:6,2
DA:7,1
DA:10,1
DA:20,1
DA:21,1
DA:23,1
DA:24,1
DA:31,1
LF:11
LH:11
BRDA:23,0,0,1
BRDA:23,0,1,0
BRF:2
BRH:1
end_of_record
TN:
SF:src\products\product-image-upload.util.ts
FN:41,resolveImageExtension
FN:70,ensureProductUploadDir
FN:76,sanitizeFileName
FN:89,(anonymous_3)
FN:93,(anonymous_4)
FN:105,(anonymous_5)
FN:115,buildStoredProductImagePath
FN:119,resolveUploadedProductImagePath
FN:127,isStoredProductImage
FN:135,deleteStoredProductImage
FNF:10
FNH:0
FNDA:0,resolveImageExtension
FNDA:0,ensureProductUploadDir
FNDA:0,sanitizeFileName
FNDA:0,(anonymous_3)
FNDA:0,(anonymous_4)
FNDA:0,(anonymous_5)
FNDA:0,buildStoredProductImagePath
FNDA:0,resolveUploadedProductImagePath
FNDA:0,isStoredProductImage
FNDA:0,deleteStoredProductImage
DA:1,1
DA:2,1
DA:3,1
DA:4,1
DA:6,1
DA:7,1
DA:18,1
DA:42,0
DA:43,0
DA:44,0
DA:47,0
DA:48,0
DA:49,0
DA:52,0
DA:53,0
DA:56,0
DA:57,0
DA:59,0
DA:60,0
DA:63,0
DA:64,0
DA:67,0
DA:71,0
DA:72,0
DA:77,0
DA:84,0
DA:87,1
DA:90,0
DA:91,0
DA:94,0
DA:95,0
DA:96,0
DA:97,0
DA:99,0
DA:106,0
DA:107,0
DA:108,0
DA:111,0
DA:115,1
DA:116,0
DA:119,1
DA:120,0
DA:121,0
DA:124,0
DA:127,1
DA:128,0
DA:129,0
DA:132,0
DA:135,1
DA:136,0
DA:137,0
DA:140,0
DA:141,0
DA:143,0
DA:144,0
LF:55
LH:12
BRDA:43,0,0,0
BRDA:43,0,1,0
BRDA:47,1,0,0
BRDA:47,1,1,0
BRDA:48,2,0,0
BRDA:48,2,1,0
BRDA:52,3,0,0
BRDA:52,3,1,0
BRDA:59,4,0,0
BRDA:59,4,1,0
BRDA:63,5,0,0
BRDA:63,5,1,0
BRDA:71,6,0,0
BRDA:71,6,1,0
BRDA:84,7,0,0
BRDA:84,7,1,0
BRDA:94,8,0,0
BRDA:94,8,1,0
BRDA:106,9,0,0
BRDA:106,9,1,0
BRDA:120,10,0,0
BRDA:120,10,1,0
BRDA:128,11,0,0
BRDA:128,11,1,0
BRDA:136,12,0,0
BRDA:136,12,1,0
BRDA:140,13,0,0
BRDA:140,13,1,0
BRDA:143,14,0,0
BRDA:143,14,1,0
BRF:30
BRH:0
end_of_record
TN:
SF:src\products\products.controller.ts
FN:90,(anonymous_4)
FN:99,(anonymous_5)
FN:107,(anonymous_6)
FN:128,(anonymous_7)
FN:159,(anonymous_8)
FN:181,(anonymous_9)
FNF:6
FNH:1
FNDA:1,(anonymous_4)
FNDA:0,(anonymous_5)
FNDA:0,(anonymous_6)
FNDA:0,(anonymous_7)
FNDA:0,(anonymous_8)
FNDA:0,(anonymous_9)
DA:1,1
DA:14,1
DA:22,1
DA:24,1
DA:25,1
DA:27,1
DA:32,1
DA:34,1
DA:36,1
DA:89,1
DA:91,1
DA:99,1
DA:100,0
DA:107,1
DA:108,0
DA:128,1
DA:133,0
DA:159,1
DA:167,0
DA:181,1
DA:184,0
LF:21
LH:16
BRF:0
BRH:0
end_of_record
TN:
SF:src\products\products.service.ts
FN:10,(anonymous_2)
FN:12,(anonymous_3)
FN:32,(anonymous_4)
FN:52,(anonymous_5)
FN:69,(anonymous_6)
FN:93,(anonymous_7)
FN:97,(anonymous_8)
FN:104,(anonymous_9)
FN:137,(anonymous_10)
FN:192,(anonymous_11)
FN:204,(anonymous_12)
FN:236,(anonymous_13)
FN:245,(anonymous_14)
FNF:13
FNH:1
FNDA:1,(anonymous_2)
FNDA:0,(anonymous_3)
FNDA:0,(anonymous_4)
FNDA:0,(anonymous_5)
FNDA:0,(anonymous_6)
FNDA:0,(anonymous_7)
FNDA:0,(anonymous_8)
FNDA:0,(anonymous_9)
FNDA:0,(anonymous_10)
FNDA:0,(anonymous_11)
FNDA:0,(anonymous_12)
FNDA:0,(anonymous_13)
FNDA:0,(anonymous_14)
DA:1,1
DA:2,1
DA:3,1
DA:6,1
DA:9,1
DA:10,1
DA:13,0
DA:14,0
DA:15,0
DA:16,0
DA:22,0
DA:23,0
DA:24,0
DA:26,0
DA:29,0
DA:33,0
DA:52,0
DA:70,0
DA:92,0
DA:93,0
DA:97,0
DA:105,0
DA:107,0
DA:108,0
DA:120,0
DA:125,0
DA:126,0
DA:129,0
DA:130,0
DA:133,0
DA:138,0
DA:143,0
DA:144,0
DA:145,0
DA:148,0
DA:152,0
DA:158,0
DA:159,0
DA:172,0
DA:174,0
DA:175,0
DA:178,0
DA:179,0
DA:182,0
DA:185,0
DA:186,0
DA:189,0
DA:193,0
DA:198,0
DA:199,0
DA:202,0
DA:203,0
DA:204,0
DA:205,0
DA:206,0
DA:207,0
DA:208,0
DA:209,0
DA:210,0
DA:214,0
DA:215,0
DA:216,0
DA:217,0
DA:218,0
DA:219,0
DA:222,0
DA:223,0
DA:228,0
DA:231,0
DA:233,0
DA:237,0
DA:238,0
DA:241,0
DA:242,0
DA:246,0
DA:248,0
DA:249,0
DA:250,0
DA:253,0
LF:79
LH:6
BRDA:13,0,0,0
BRDA:13,0,1,0
BRDA:14,1,0,0
BRDA:14,1,1,0
BRDA:15,2,0,0
BRDA:15,2,1,0
BRDA:22,3,0,0
BRDA:22,3,1,0
BRDA:61,4,0,0
BRDA:61,4,1,0
BRDA:62,5,0,0
BRDA:62,5,1,0
BRDA:95,6,0,0
BRDA:95,6,1,0
BRDA:99,7,0,0
BRDA:99,7,1,0
BRDA:105,8,0,0
BRDA:105,8,1,0
BRDA:114,9,0,0
BRDA:114,9,1,0
BRDA:125,10,0,0
BRDA:125,10,1,0
BRDA:129,11,0,0
BRDA:129,11,1,0
BRDA:143,12,0,0
BRDA:143,12,1,0
BRDA:144,13,0,0
BRDA:144,13,1,0
BRDA:152,14,0,0
BRDA:152,14,1,0
BRDA:154,15,0,0
BRDA:154,15,1,0
BRDA:162,16,0,0
BRDA:162,16,1,0
BRDA:163,17,0,0
BRDA:163,17,1,0
BRDA:164,18,0,0
BRDA:164,18,1,0
BRDA:165,19,0,0
BRDA:165,19,1,0
BRDA:166,20,0,0
BRDA:166,20,1,0
BRDA:166,21,0,0
BRDA:166,21,1,0
BRDA:167,22,0,0
BRDA:167,22,1,0
BRDA:168,23,0,0
BRDA:168,23,1,0
BRDA:174,24,0,0
BRDA:174,24,1,0
BRDA:178,25,0,0
BRDA:178,25,1,0
BRDA:185,26,0,0
BRDA:185,26,1,0
BRDA:185,27,0,0
BRDA:185,27,1,0
BRDA:185,27,2,0
BRDA:198,28,0,0
BRDA:198,28,1,0
BRDA:203,29,0,0
BRDA:203,29,1,0
BRDA:222,30,0,0
BRDA:222,30,1,0
BRDA:222,31,0,0
BRDA:222,31,1,0
BRDA:237,32,0,0
BRDA:237,32,1,0
BRDA:242,33,0,0
BRDA:242,33,1,0
BRDA:248,34,0,0
BRDA:248,34,1,0
BRDA:249,35,0,0
BRDA:249,35,1,0
BRDA:250,36,0,0
BRDA:250,36,1,0
BRDA:250,37,0,0
BRDA:250,37,1,0
BRF:77
BRH:0
end_of_record
TN:
SF:src\products\dto\product-status.enum.ts
FN:1,(anonymous_0)
FNF:1
FNH:0
FNDA:0,(anonymous_0)
DA:1,0
DA:2,0
DA:3,0
DA:4,0
LF:4
LH:0
BRDA:1,0,0,0
BRDA:1,0,1,0
BRF:2
BRH:0
end_of_record
TN:
SF:src\proveedores\proveedores.controller.ts
FN:28,(anonymous_4)
FN:35,(anonymous_5)
FN:44,(anonymous_6)
FN:52,(anonymous_7)
FN:60,(anonymous_8)
FN:68,(anonymous_9)
FN:76,(anonymous_10)
FN:84,(anonymous_11)
FN:92,(anonymous_12)
FNF:9
FNH:1
FNDA:1,(anonymous_4)
FNDA:0,(anonymous_5)
FNDA:0,(anonymous_6)
FNDA:0,(anonymous_7)
FNDA:0,(anonymous_8)
FNDA:0,(anonymous_9)
FNDA:0,(anonymous_10)
FNDA:0,(anonymous_11)
FNDA:0,(anonymous_12)
DA:1,1
DA:11,1
DA:18,1
DA:19,1
DA:20,1
DA:21,1
DA:22,1
DA:27,1
DA:28,1
DA:35,1
DA:36,0
DA:44,1
DA:45,0
DA:52,1
DA:53,0
DA:60,1
DA:61,0
DA:68,1
DA:69,0
DA:76,1
DA:77,0
DA:84,1
DA:85,0
DA:92,1
DA:93,0
LF:25
LH:17
BRF:0
BRH:0
end_of_record
TN:
SF:src\proveedores\proveedores.service.ts
FN:15,(anonymous_2)
FN:17,(anonymous_3)
FN:26,(anonymous_4)
FN:38,(anonymous_5)
FN:59,(anonymous_6)
FN:76,(anonymous_7)
FN:94,(anonymous_8)
FN:125,(anonymous_9)
FN:136,(anonymous_10)
FN:140,(anonymous_11)
FN:172,(anonymous_12)
FN:205,(anonymous_13)
FN:248,(anonymous_14)
FN:272,(anonymous_15)
FN:292,(anonymous_16)
FNF:15
FNH:1
FNDA:1,(anonymous_2)
FNDA:0,(anonymous_3)
FNDA:0,(anonymous_4)
FNDA:0,(anonymous_5)
FNDA:0,(anonymous_6)
FNDA:0,(anonymous_7)
FNDA:0,(anonymous_8)
FNDA:0,(anonymous_9)
FNDA:0,(anonymous_10)
FNDA:0,(anonymous_11)
FNDA:0,(anonymous_12)
FNDA:0,(anonymous_13)
FNDA:0,(anonymous_14)
FNDA:0,(anonymous_15)
FNDA:0,(anonymous_16)
DA:1,1
DA:8,1
DA:9,1
DA:14,1
DA:15,1
DA:18,0
DA:19,0
DA:20,0
DA:22,0
DA:27,0
DA:28,0
DA:29,0
DA:34,0
DA:39,0
DA:41,0
DA:42,0
DA:48,0
DA:49,0
DA:55,0
DA:60,0
DA:68,0
DA:69,0
DA:77,0
DA:78,0
DA:79,0
DA:84,0
DA:85,0
DA:91,0
DA:95,0
DA:97,0
DA:98,0
DA:101,0
DA:102,0
DA:103,0
DA:110,0
DA:123,0
DA:125,0
DA:137,0
DA:141,0
DA:143,0
DA:155,0
DA:156,0
DA:159,0
DA:173,0
DA:174,0
DA:175,0
DA:177,0
DA:179,0
DA:180,0
DA:189,0
DA:201,0
DA:206,0
DA:208,0
DA:213,0
DA:214,0
DA:217,0
DA:218,0
DA:221,0
DA:222,0
DA:225,0
DA:226,0
DA:227,0
DA:230,0
DA:236,0
DA:237,0
DA:242,0
DA:244,0
DA:249,0
DA:251,0
DA:256,0
DA:257,0
DA:260,0
DA:261,0
DA:264,0
DA:269,0
DA:273,0
DA:275,0
DA:280,0
DA:281,0
DA:284,0
DA:289,0
DA:293,0
DA:295,0
DA:300,0
DA:301,0
DA:304,0
DA:305,0
DA:311,0
DA:312,0
DA:313,0
DA:315,0
LF:91
LH:5
BRDA:19,0,0,0
BRDA:19,0,1,0
BRDA:19,1,0,0
BRDA:19,1,1,0
BRDA:27,2,0,0
BRDA:27,2,1,0
BRDA:28,3,0,0
BRDA:28,3,1,0
BRDA:39,4,0,0
BRDA:39,4,1,0
BRDA:41,5,0,0
BRDA:41,5,1,0
BRDA:48,6,0,0
BRDA:48,6,1,0
BRDA:63,7,0,0
BRDA:63,7,1,0
BRDA:68,8,0,0
BRDA:68,8,1,0
BRDA:77,9,0,0
BRDA:77,9,1,0
BRDA:78,10,0,0
BRDA:78,10,1,0
BRDA:84,11,0,0
BRDA:84,11,1,0
BRDA:94,12,0,0
BRDA:97,13,0,0
BRDA:97,13,1,0
BRDA:101,14,0,0
BRDA:101,14,1,0
BRDA:155,15,0,0
BRDA:155,15,1,0
BRDA:213,16,0,0
BRDA:213,16,1,0
BRDA:217,17,0,0
BRDA:217,17,1,0
BRDA:221,18,0,0
BRDA:221,18,1,0
BRDA:222,19,0,0
BRDA:222,19,1,0
BRDA:225,20,0,0
BRDA:225,20,1,0
BRDA:231,21,0,0
BRDA:231,21,1,0
BRDA:232,22,0,0
BRDA:232,22,1,0
BRDA:233,23,0,0
BRDA:233,23,1,0
BRDA:256,24,0,0
BRDA:256,24,1,0
BRDA:260,25,0,0
BRDA:260,25,1,0
BRDA:280,26,0,0
BRDA:280,26,1,0
BRDA:300,27,0,0
BRDA:300,27,1,0
BRDA:304,28,0,0
BRDA:304,28,1,0
BRF:57
BRH:0
end_of_record
TN:
SF:src\reports\reports.controller.ts
FN:13,(anonymous_4)
FN:19,(anonymous_5)
FN:25,(anonymous_6)
FN:31,(anonymous_7)
FN:37,(anonymous_8)
FN:45,(anonymous_9)
FN:51,(anonymous_10)
FN:57,(anonymous_11)
FN:63,(anonymous_12)
FN:69,(anonymous_13)
FNF:10
FNH:10
FNDA:1,(anonymous_4)
FNDA:1,(anonymous_5)
FNDA:1,(anonymous_6)
FNDA:1,(anonymous_7)
FNDA:1,(anonymous_8)
FNDA:1,(anonymous_9)
FNDA:1,(anonymous_10)
FNDA:1,(anonymous_11)
FNDA:1,(anonymous_12)
FNDA:1,(anonymous_13)
DA:1,1
DA:3,1
DA:4,1
DA:5,1
DA:12,1
DA:13,1
DA:19,1
DA:20,1
DA:25,1
DA:26,1
DA:31,1
DA:32,1
DA:37,1
DA:38,1
DA:45,1
DA:46,1
DA:51,1
DA:52,1
DA:57,1
DA:58,1
DA:63,1
DA:64,1
DA:69,1
DA:70,1
DA:71,1
DA:72,1
DA:73,1
LF:27
LH:27
BRF:0
BRH:0
end_of_record
TN:
SF:src\reports\reports.service.ts
FN:7,(anonymous_2)
FN:9,(anonymous_3)
FN:33,(anonymous_4)
FN:51,(anonymous_5)
FN:62,(anonymous_6)
FN:75,(anonymous_7)
FN:150,(anonymous_8)
FN:167,(anonymous_9)
FN:183,(anonymous_10)
FN:215,(anonymous_11)
FN:219,(anonymous_12)
FN:221,(anonymous_13)
FN:261,(anonymous_14)
FN:300,(anonymous_15)
FN:363,(anonymous_16)
FN:364,(anonymous_17)
FNF:16
FNH:16
FNDA:1,(anonymous_2)
FNDA:1,(anonymous_3)
FNDA:1,(anonymous_4)
FNDA:1,(anonymous_5)
FNDA:2,(anonymous_6)
FNDA:2,(anonymous_7)
FNDA:2,(anonymous_8)
FNDA:1,(anonymous_9)
FNDA:2,(anonymous_10)
FNDA:1,(anonymous_11)
FNDA:80,(anonymous_12)
FNDA:8,(anonymous_13)
FNDA:4,(anonymous_14)
FNDA:1,(anonymous_15)
FNDA:1,(anonymous_16)
FNDA:1,(anonymous_17)
DA:1,1
DA:2,1
DA:3,1
DA:6,1
DA:7,1
DA:10,1
DA:15,1
DA:17,1
DA:18,0
DA:19,0
DA:22,1
DA:23,0
DA:24,0
DA:27,1
DA:29,1
DA:30,1
DA:34,1
DA:47,1
DA:48,1
DA:52,1
DA:59,1
DA:63,2
DA:72,2
DA:76,2
DA:77,2
DA:79,2
DA:80,0
DA:81,0
DA:83,2
DA:84,0
DA:85,0
DA:89,2
DA:106,2
DA:109,2
DA:125,2
DA:127,2
DA:128,2
DA:129,2
DA:130,2
DA:131,2
DA:132,2
DA:134,2
DA:151,2
DA:163,2
DA:164,2
DA:168,1
DA:179,1
DA:180,1
DA:184,2
DA:211,2
DA:212,2
DA:216,1
DA:217,1
DA:219,80
DA:221,1
DA:222,8
DA:229,1
DA:230,1
DA:239,1
DA:240,1
DA:241,1
DA:242,1
DA:244,1
DA:245,1
DA:246,1
DA:247,1
DA:250,1
DA:251,1
DA:252,1
DA:253,1
DA:254,1
DA:261,1
DA:262,4
DA:263,4
DA:264,4
DA:265,4
DA:269,1
DA:270,1
DA:271,1
DA:278,1
DA:279,1
DA:280,1
DA:281,1
DA:282,1
DA:284,1
DA:285,1
DA:286,1
DA:287,1
DA:288,1
DA:289,1
DA:290,1
DA:291,1
DA:292,1
DA:293,1
DA:295,1
DA:296,1
DA:297,0
DA:298,0
DA:300,1
DA:301,1
DA:302,1
DA:303,1
DA:304,1
DA:305,1
DA:306,1
DA:311,1
DA:312,1
DA:313,1
DA:314,1
DA:315,1
DA:318,1
DA:319,1
DA:320,1
DA:323,1
DA:324,1
DA:325,1
DA:327,1
DA:328,1
DA:329,1
DA:331,1
DA:332,1
DA:334,1
DA:335,1
DA:336,1
DA:338,1
DA:339,1
DA:340,1
DA:343,1
DA:344,1
DA:345,1
DA:346,1
DA:349,1
DA:353,1
DA:354,1
DA:361,1
DA:363,1
DA:364,1
LF:137
LH:127
BRDA:17,0,0,0
BRDA:17,0,1,1
BRDA:22,1,0,0
BRDA:22,1,1,1
BRDA:59,2,0,1
BRDA:59,2,1,0
BRDA:79,3,0,0
BRDA:79,3,1,2
BRDA:83,4,0,0
BRDA:83,4,1,2
BRDA:127,5,0,2
BRDA:127,5,1,0
BRDA:128,6,0,2
BRDA:128,6,1,0
BRDA:130,7,0,2
BRDA:130,7,1,0
BRDA:131,8,0,2
BRDA:131,8,1,0
BRDA:132,9,0,2
BRDA:132,9,1,0
BRDA:142,10,0,2
BRDA:142,10,1,0
BRDA:143,11,0,2
BRDA:143,11,1,0
BRDA:144,12,0,2
BRDA:144,12,1,0
BRDA:145,13,0,2
BRDA:145,13,1,0
BRDA:227,14,0,8
BRDA:227,14,1,0
BRDA:296,15,0,0
BRDA:296,15,1,1
BRDA:301,16,0,1
BRDA:301,16,1,0
BRDA:302,17,0,1
BRDA:302,17,1,0
BRDA:303,18,0,1
BRDA:303,18,1,0
BRDA:338,19,0,1
BRDA:338,19,1,0
BRDA:343,20,0,1
BRDA:343,20,1,0
BRF:42
BRH:21
end_of_record
TN:
SF:src\sales\sales.controller.ts
FN:13,(anonymous_4)
FN:22,(anonymous_5)
FN:39,(anonymous_6)
FN:46,(anonymous_7)
FN:52,(anonymous_8)
FNF:5
FNH:1
FNDA:1,(anonymous_4)
FNDA:0,(anonymous_5)
FNDA:0,(anonymous_6)
FNDA:0,(anonymous_7)
FNDA:0,(anonymous_8)
DA:1,1
DA:2,1
DA:3,1
DA:4,1
DA:6,1
DA:7,1
DA:12,1
DA:13,1
DA:22,1
DA:28,0
DA:39,1
DA:40,0
DA:46,1
DA:47,0
DA:52,1
DA:53,0
LF:16
LH:12
BRF:0
BRH:0
end_of_record
TN:
SF:src\sales\sales.service.ts
FN:20,(anonymous_2)
FN:25,(anonymous_3)
FN:50,(anonymous_4)
FN:99,(anonymous_5)
FN:115,(anonymous_6)
FN:129,(anonymous_7)
FN:136,(anonymous_8)
FN:141,(anonymous_9)
FN:149,(anonymous_10)
FN:316,(anonymous_11)
FN:332,(anonymous_12)
FN:348,(anonymous_13)
FNF:12
FNH:1
FNDA:1,(anonymous_2)
FNDA:0,(anonymous_3)
FNDA:0,(anonymous_4)
FNDA:0,(anonymous_5)
FNDA:0,(anonymous_6)
FNDA:0,(anonymous_7)
FNDA:0,(anonymous_8)
FNDA:0,(anonymous_9)
FNDA:0,(anonymous_10)
FNDA:0,(anonymous_11)
FNDA:0,(anonymous_12)
FNDA:0,(anonymous_13)
DA:1,1
DA:8,1
DA:9,1
DA:10,1
DA:13,1
DA:14,1
DA:17,1
DA:18,1
DA:21,1
DA:22,1
DA:26,0
DA:27,0
DA:30,0
DA:31,0
DA:34,0
DA:35,0
DA:36,0
DA:39,0
DA:40,0
DA:43,0
DA:44,0
DA:47,0
DA:56,0
DA:72,0
DA:74,0
DA:75,0
DA:76,0
DA:79,0
DA:80,0
DA:81,0
DA:84,0
DA:85,0
DA:86,0
DA:87,0
DA:90,0
DA:91,0
DA:92,0
DA:93,0
DA:96,0
DA:98,0
DA:99,0
DA:100,0
DA:102,0
DA:116,0
DA:128,0
DA:129,0
DA:137,0
DA:141,0
DA:150,0
DA:151,0
DA:152,0
DA:155,0
DA:157,0
DA:158,0
DA:160,0
DA:161,0
DA:162,0
DA:163,0
DA:165,0
DA:170,0
DA:171,0
DA:177,0
DA:178,0
DA:179,0
DA:180,0
DA:185,0
DA:186,0
DA:192,0
DA:195,0
DA:196,0
DA:202,0
DA:210,0
DA:211,0
DA:212,0
DA:215,0
DA:216,0
DA:217,0
DA:219,0
DA:230,0
DA:231,0
DA:237,0
DA:246,0
DA:253,0
DA:256,0
DA:265,0
DA:270,0
DA:271,0
DA:272,0
DA:273,0
DA:277,0
DA:278,0
DA:280,0
DA:281,0
DA:284,0
DA:287,0
DA:294,0
DA:296,0
DA:297,0
DA:300,0
DA:305,0
DA:310,0
DA:311,0
DA:317,0
DA:318,0
DA:321,0
DA:322,0
DA:324,0
DA:333,0
DA:334,0
DA:337,0
DA:338,0
DA:341,0
DA:342,0
DA:344,0
DA:349,0
DA:350,0
DA:352,0
LF:117
LH:10
BRDA:26,0,0,0
BRDA:26,0,1,0
BRDA:26,1,0,0
BRDA:26,1,1,0
BRDA:26,1,2,0
BRDA:30,2,0,0
BRDA:30,2,1,0
BRDA:35,3,0,0
BRDA:35,3,1,0
BRDA:39,4,0,0
BRDA:39,4,1,0
BRDA:43,5,0,0
BRDA:43,5,1,0
BRDA:74,6,0,0
BRDA:74,6,1,0
BRDA:74,7,0,0
BRDA:74,7,1,0
BRDA:79,8,0,0
BRDA:79,8,1,0
BRDA:85,9,0,0
BRDA:85,9,1,0
BRDA:91,10,0,0
BRDA:91,10,1,0
BRDA:100,11,0,0
BRDA:100,11,1,0
BRDA:105,12,0,0
BRDA:105,12,1,0
BRDA:107,13,0,0
BRDA:107,13,1,0
BRDA:141,14,0,0
BRDA:141,14,1,0
BRDA:143,15,0,0
BRDA:143,15,1,0
BRDA:145,16,0,0
BRDA:145,16,1,0
BRDA:145,16,2,0
BRDA:150,17,0,0
BRDA:150,17,1,0
BRDA:150,17,2,0
BRDA:151,18,0,0
BRDA:151,18,1,0
BRDA:155,19,0,0
BRDA:155,19,1,0
BRDA:170,20,0,0
BRDA:170,20,1,0
BRDA:185,21,0,0
BRDA:185,21,1,0
BRDA:195,22,0,0
BRDA:195,22,1,0
BRDA:211,23,0,0
BRDA:211,23,1,0
BRDA:230,24,0,0
BRDA:230,24,1,0
BRDA:230,25,0,0
BRDA:230,25,1,0
BRDA:272,26,0,0
BRDA:272,26,1,0
BRDA:280,27,0,0
BRDA:280,27,1,0
BRDA:291,28,0,0
BRDA:291,28,1,0
BRDA:296,29,0,0
BRDA:296,29,1,0
BRDA:296,30,0,0
BRDA:296,30,1,0
BRDA:302,31,0,0
BRDA:302,31,1,0
BRDA:310,32,0,0
BRDA:310,32,1,0
BRDA:317,33,0,0
BRDA:317,33,1,0
BRDA:333,34,0,0
BRDA:333,34,1,0
BRDA:337,35,0,0
BRDA:337,35,1,0
BRF:75
BRH:0
end_of_record
TN:
SF:src\users-admin\users-admin.controller.ts
FN:14,(anonymous_4)
FN:18,(anonymous_5)
FN:24,(anonymous_6)
FN:30,(anonymous_7)
FN:36,(anonymous_8)
FN:42,(anonymous_9)
FN:48,(anonymous_10)
FN:54,(anonymous_11)
FN:60,(anonymous_12)
FNF:9
FNH:1
FNDA:1,(anonymous_4)
FNDA:0,(anonymous_5)
FNDA:0,(anonymous_6)
FNDA:0,(anonymous_7)
FNDA:0,(anonymous_8)
FNDA:0,(anonymous_9)
FNDA:0,(anonymous_10)
FNDA:0,(anonymous_11)
FNDA:0,(anonymous_12)
DA:1,1
DA:2,1
DA:3,1
DA:4,1
DA:5,1
DA:6,1
DA:13,1
DA:14,1
DA:18,1
DA:19,0
DA:24,1
DA:25,0
DA:30,1
DA:31,0
DA:36,1
DA:37,0
DA:42,1
DA:43,0
DA:48,1
DA:49,0
DA:54,1
DA:55,0
DA:60,1
DA:61,0
LF:24
LH:16
BRF:0
BRH:0
end_of_record
TN:
SF:src\users-admin\users-admin.service.ts
FN:42,(anonymous_2)
FN:44,(anonymous_3)
FN:54,(anonymous_4)
FN:58,(anonymous_5)
FN:82,(anonymous_6)
FN:86,(anonymous_7)
FN:95,(anonymous_8)
FN:102,(anonymous_9)
FN:111,(anonymous_10)
FN:118,(anonymous_11)
FN:137,(anonymous_12)
FN:191,(anonymous_13)
FN:278,(anonymous_14)
FNF:13
FNH:1
FNDA:1,(anonymous_2)
FNDA:0,(anonymous_3)
FNDA:0,(anonymous_4)
FNDA:0,(anonymous_5)
FNDA:0,(anonymous_6)
FNDA:0,(anonymous_7)
FNDA:0,(anonymous_8)
FNDA:0,(anonymous_9)
FNDA:0,(anonymous_10)
FNDA:0,(anonymous_11)
FNDA:0,(anonymous_12)
FNDA:0,(anonymous_13)
FNDA:0,(anonymous_14)
DA:1,1
DA:8,1
DA:9,1
DA:10,1
DA:11,1
DA:15,1
DA:41,1
DA:42,1
DA:45,0
DA:47,0
DA:48,0
DA:51,0
DA:55,0
DA:59,0
DA:61,0
DA:62,0
DA:63,0
DA:72,0
DA:80,0
DA:82,0
DA:87,0
DA:93,0
DA:95,0
DA:103,0
DA:109,0
DA:111,0
DA:119,0
DA:121,0
DA:126,0
DA:127,0
DA:130,0
DA:138,0
DA:139,0
DA:144,0
DA:145,0
DA:151,0
DA:156,0
DA:157,0
DA:163,0
DA:165,0
DA:166,0
DA:181,0
DA:183,0
DA:192,0
DA:193,0
DA:198,0
DA:199,0
DA:202,0
DA:203,0
DA:204,0
DA:212,0
DA:213,0
DA:220,0
DA:221,0
DA:229,0
DA:230,0
DA:237,0
DA:254,0
DA:255,0
DA:258,0
DA:259,0
DA:262,0
DA:263,0
DA:268,0
DA:275,0
DA:279,0
DA:280,0
DA:285,0
DA:286,0
DA:289,0
DA:290,0
DA:294,0
DA:301,0
LF:73
LH:8
BRDA:47,0,0,0
BRDA:47,0,1,0
BRDA:47,1,0,0
BRDA:47,1,1,0
BRDA:55,2,0,0
BRDA:55,2,1,0
BRDA:61,3,0,0
BRDA:61,3,1,0
BRDA:126,4,0,0
BRDA:126,4,1,0
BRDA:144,5,0,0
BRDA:144,5,1,0
BRDA:156,6,0,0
BRDA:156,6,1,0
BRDA:198,7,0,0
BRDA:198,7,1,0
BRDA:202,8,0,0
BRDA:202,8,1,0
BRDA:202,9,0,0
BRDA:202,9,1,0
BRDA:212,10,0,0
BRDA:212,10,1,0
BRDA:220,11,0,0
BRDA:220,11,1,0
BRDA:220,12,0,0
BRDA:220,12,1,0
BRDA:229,13,0,0
BRDA:229,13,1,0
BRDA:238,14,0,0
BRDA:238,14,1,0
BRDA:238,15,0,0
BRDA:238,15,1,0
BRDA:239,16,0,0
BRDA:239,16,1,0
BRDA:239,17,0,0
BRDA:239,17,1,0
BRDA:240,18,0,0
BRDA:240,18,1,0
BRDA:240,19,0,0
BRDA:240,19,1,0
BRDA:241,20,0,0
BRDA:241,20,1,0
BRDA:241,21,0,0
BRDA:241,21,1,0
BRDA:242,22,0,0
BRDA:242,22,1,0
BRDA:242,23,0,0
BRDA:242,23,1,0
BRDA:245,24,0,0
BRDA:245,24,1,0
BRDA:246,25,0,0
BRDA:246,25,1,0
BRDA:249,26,0,0
BRDA:249,26,1,0
BRDA:249,27,0,0
BRDA:249,27,1,0
BRDA:254,28,0,0
BRDA:254,28,1,0
BRDA:254,29,0,0
BRDA:254,29,1,0
BRDA:258,30,0,0
BRDA:258,30,1,0
BRDA:285,31,0,0
BRDA:285,31,1,0
BRF:64
BRH:0
end_of_record
