TN:
SF:src\auth\auth.controller.ts
FN:17,(anonymous_4)
FN:19,(anonymous_5)
FN:34,(anonymous_6)
FN:41,(anonymous_7)
FN:53,(anonymous_8)
FN:70,(anonymous_9)
FN:83,(anonymous_10)
FN:90,(anonymous_11)
FN:97,(anonymous_12)
FN:104,(anonymous_13)
FN:112,(anonymous_14)
FNF:11
FNH:11
FNDA:27,(anonymous_4)
FNDA:6,(anonymous_5)
FNDA:2,(anonymous_6)
FNDA:3,(anonymous_7)
FNDA:10,(anonymous_8)
FNDA:5,(anonymous_9)
FNDA:5,(anonymous_10)
FNDA:3,(anonymous_11)
FNDA:4,(anonymous_12)
FNDA:3,(anonymous_13)
FNDA:3,(anonymous_14)
DA:1,6
DA:2,6
DA:4,6
DA:5,6
DA:6,6
DA:7,6
DA:8,6
DA:9,6
DA:10,6
DA:11,6
DA:12,6
DA:16,6
DA:17,27
DA:20,6
DA:22,6
DA:34,6
DA:35,2
DA:41,6
DA:42,3
DA:53,6
DA:54,10
DA:56,8
DA:57,4
DA:60,8
DA:70,6
DA:71,5
DA:73,3
DA:74,2
DA:77,3
DA:83,6
DA:84,5
DA:90,6
DA:91,3
DA:97,6
DA:98,4
DA:104,6
DA:105,3
DA:112,6
DA:113,3
DA:114,3
DA:120,3
LF:41
LH:41
BRDA:20,0,0,6
BRDA:20,0,1,6
BRDA:25,1,0,1
BRDA:25,1,1,5
BRDA:56,2,0,4
BRDA:56,2,1,4
BRDA:56,3,0,8
BRDA:56,3,1,8
BRDA:56,3,2,4
BRDA:56,3,3,4
BRDA:73,4,0,2
BRDA:73,4,1,1
BRDA:73,5,0,3
BRDA:73,5,1,3
BRDA:73,5,2,2
BRDA:73,5,3,2
BRDA:113,6,0,3
BRDA:113,6,1,2
BRDA:118,7,0,1
BRDA:118,7,1,2
BRF:20
BRH:20
end_of_record
TN:
SF:src\auth\auth.service.ts
FN:35,(anonymous_2)
FN:41,(anonymous_3)
FN:45,(anonymous_4)
FN:49,(anonymous_5)
FN:56,(anonymous_6)
FN:60,(anonymous_7)
FN:64,(anonymous_8)
FN:71,(anonymous_9)
FN:75,(anonymous_10)
FN:84,(anonymous_11)
FN:98,(anonymous_12)
FN:112,(anonymous_13)
FN:160,(anonymous_14)
FN:183,(anonymous_15)
FN:200,(anonymous_16)
FN:275,(anonymous_17)
FN:318,(anonymous_18)
FN:377,(anonymous_19)
FN:427,(anonymous_20)
FN:463,(anonymous_21)
FN:492,(anonymous_22)
FN:548,(anonymous_23)
FNF:22
FNH:22
FNDA:71,(anonymous_2)
FNDA:22,(anonymous_3)
FNDA:43,(anonymous_4)
FNDA:17,(anonymous_5)
FNDA:60,(anonymous_6)
FNDA:24,(anonymous_7)
FNDA:21,(anonymous_8)
FNDA:18,(anonymous_9)
FNDA:7,(anonymous_10)
FNDA:7,(anonymous_11)
FNDA:7,(anonymous_12)
FNDA:8,(anonymous_13)
FNDA:12,(anonymous_14)
FNDA:2,(anonymous_15)
FNDA:9,(anonymous_16)
FNDA:14,(anonymous_17)
FNDA:12,(anonymous_18)
FNDA:13,(anonymous_19)
FNDA:9,(anonymous_20)
FNDA:8,(anonymous_21)
FNDA:9,(anonymous_22)
FNDA:2,(anonymous_23)
DA:1,7
DA:10,7
DA:11,7
DA:12,7
DA:13,7
DA:14,7
DA:15,7
DA:16,7
DA:17,7
DA:34,7
DA:36,71
DA:37,71
DA:38,71
DA:42,22
DA:46,43
DA:50,17
DA:51,3
DA:53,14
DA:57,60
DA:61,24
DA:65,21
DA:66,2
DA:68,19
DA:72,18
DA:76,7
DA:85,7
DA:99,7
DA:100,7
DA:118,8
DA:119,8
DA:120,8
DA:122,8
DA:130,8
DA:131,8
DA:138,1
DA:139,1
DA:145,7
DA:161,12
DA:162,12
DA:164,11
DA:171,1
DA:174,10
DA:176,2
DA:184,2
DA:194,2
DA:201,9
DA:202,9
DA:207,9
DA:208,2
DA:214,7
DA:219,7
DA:220,1
DA:226,6
DA:227,6
DA:228,6
DA:229,6
DA:230,6
DA:232,6
DA:233,6
DA:250,5
DA:251,5
DA:252,5
DA:257,4
DA:259,1
DA:262,5
DA:271,1
DA:276,14
DA:277,14
DA:285,14
DA:286,1
DA:289,13
DA:290,13
DA:291,2
DA:294,11
DA:295,2
DA:302,9
DA:303,5
DA:306,4
DA:308,4
DA:310,4
DA:319,12
DA:321,11
DA:332,10
DA:333,1
DA:336,9
DA:337,1
DA:343,8
DA:344,1
DA:350,7
DA:351,1
DA:352,1
DA:358,6
DA:359,3
DA:365,3
DA:367,3
DA:369,3
DA:378,13
DA:379,13
DA:389,12
DA:390,1
DA:393,11
DA:394,3
DA:397,8
DA:398,1
DA:404,7
DA:405,3
DA:411,4
DA:412,2
DA:415,2
DA:424,2
DA:428,9
DA:429,9
DA:434,9
DA:435,3
DA:438,6
DA:439,2
DA:442,4
DA:443,4
DA:444,4
DA:446,4
DA:454,3
DA:460,2
DA:464,8
DA:465,8
DA:470,8
DA:471,2
DA:474,6
DA:475,6
DA:476,6
DA:478,6
DA:486,6
DA:488,5
DA:493,9
DA:494,9
DA:496,9
DA:497,2
DA:503,7
DA:504,7
DA:513,7
DA:514,1
DA:517,6
DA:518,1
DA:524,5
DA:525,1
DA:531,4
DA:532,2
DA:535,2
DA:536,2
DA:545,2
DA:549,2
LF:150
LH:150
BRDA:50,0,0,3
BRDA:50,0,1,14
BRDA:50,1,0,17
BRDA:50,1,1,16
BRDA:50,1,2,15
BRDA:57,2,0,60
BRDA:57,2,1,0
BRDA:65,3,0,2
BRDA:65,3,1,19
BRDA:72,4,0,18
BRDA:72,4,1,6
BRDA:164,5,0,1
BRDA:164,5,1,10
BRDA:165,6,0,11
BRDA:165,6,1,11
BRDA:165,6,2,10
BRDA:165,6,3,10
BRDA:165,6,4,10
BRDA:207,7,0,2
BRDA:207,7,1,7
BRDA:219,8,0,1
BRDA:219,8,1,6
BRDA:264,9,0,4
BRDA:264,9,1,1
BRDA:285,10,0,1
BRDA:285,10,1,13
BRDA:289,11,0,13
BRDA:289,11,1,0
BRDA:290,12,0,2
BRDA:290,12,1,11
BRDA:294,13,0,2
BRDA:294,13,1,9
BRDA:302,14,0,5
BRDA:302,14,1,4
BRDA:332,15,0,1
BRDA:332,15,1,9
BRDA:336,16,0,1
BRDA:336,16,1,8
BRDA:343,17,0,1
BRDA:343,17,1,7
BRDA:343,18,0,8
BRDA:343,18,1,7
BRDA:350,19,0,1
BRDA:350,19,1,6
BRDA:358,20,0,3
BRDA:358,20,1,3
BRDA:389,21,0,1
BRDA:389,21,1,11
BRDA:393,22,0,3
BRDA:393,22,1,8
BRDA:397,23,0,1
BRDA:397,23,1,7
BRDA:397,24,0,8
BRDA:397,24,1,7
BRDA:404,25,0,3
BRDA:404,25,1,4
BRDA:411,26,0,2
BRDA:411,26,1,2
BRDA:434,27,0,3
BRDA:434,27,1,6
BRDA:438,28,0,2
BRDA:438,28,1,4
BRDA:470,29,0,2
BRDA:470,29,1,6
BRDA:493,30,0,9
BRDA:493,30,1,2
BRDA:493,30,2,1
BRDA:494,31,0,9
BRDA:494,31,1,0
BRDA:494,31,2,0
BRDA:496,32,0,2
BRDA:496,32,1,7
BRDA:496,33,0,9
BRDA:496,33,1,9
BRDA:496,33,2,9
BRDA:513,34,0,1
BRDA:513,34,1,6
BRDA:517,35,0,1
BRDA:517,35,1,5
BRDA:517,36,0,6
BRDA:517,36,1,5
BRDA:524,37,0,1
BRDA:524,37,1,4
BRDA:531,38,0,2
BRDA:531,38,1,2
BRF:85
BRH:81
end_of_record
TN:
SF:src\auth\decorators\current-user.decorator.ts
FN:5,(anonymous_0)
FNF:1
FNH:1
FNDA:1,(anonymous_0)
DA:1,7
DA:4,7
DA:6,1
DA:7,1
LF:4
LH:4
BRF:0
BRH:0
end_of_record
TN:
SF:src\auth\decorators\public.decorator.ts
FN:4,(anonymous_0)
FNF:1
FNH:1
FNDA:81,(anonymous_0)
DA:1,7
DA:3,7
DA:4,81
LF:3
LH:3
BRF:0
BRH:0
end_of_record
TN:
SF:src\auth\decorators\roles.decorator.ts
FN:4,(anonymous_0)
FNF:1
FNH:1
FNDA:59,(anonymous_0)
DA:1,9
DA:3,9
DA:4,59
LF:3
LH:3
BRF:0
BRH:0
end_of_record
TN:
SF:src\auth\guards\jwt-auth.guard.ts
FN:9,(anonymous_2)
FN:13,(anonymous_3)
FNF:2
FNH:2
FNDA:7,(anonymous_2)
FNDA:60,(anonymous_3)
DA:1,6
DA:2,6
DA:3,6
DA:5,6
DA:8,6
DA:9,7
DA:10,7
DA:14,60
DA:16,60
DA:17,1
DA:20,59
DA:25,59
DA:26,32
DA:29,27
LF:14
LH:14
BRDA:16,0,0,1
BRDA:16,0,1,59
BRDA:25,1,0,32
BRDA:25,1,1,27
BRF:4
BRH:4
end_of_record
TN:
SF:src\auth\guards\roles.guard.ts
FN:14,(anonymous_2)
FN:16,(anonymous_3)
FNF:2
FNH:2
FNDA:9,(anonymous_2)
FNDA:59,(anonymous_3)
DA:1,6
DA:8,6
DA:9,6
DA:13,6
DA:14,9
DA:17,59
DA:19,59
DA:20,1
DA:23,58
DA:28,58
DA:29,32
DA:32,26
DA:34,26
DA:35,1
DA:38,25
DA:39,4
DA:42,21
LF:17
LH:17
BRDA:19,0,0,1
BRDA:19,0,1,58
BRDA:28,1,0,32
BRDA:28,1,1,26
BRDA:28,2,0,58
BRDA:28,2,1,26
BRDA:34,3,0,1
BRDA:34,3,1,25
BRDA:38,4,0,4
BRDA:38,4,1,21
BRF:10
BRH:10
end_of_record
TN:
SF:src\auth\strategies\jwt.strategy.ts
FN:17,(anonymous_2)
FN:19,(anonymous_3)
FN:40,(anonymous_4)
FNF:3
FNH:3
FNDA:8,(anonymous_2)
FNDA:30,(anonymous_3)
FNDA:28,(anonymous_4)
DA:1,6
DA:2,6
DA:3,6
DA:5,6
DA:16,6
DA:18,8
DA:20,30
DA:22,30
DA:23,19
DA:26,30
DA:27,25
DA:28,25
DA:29,24
DA:33,30
DA:41,28
DA:48,4
DA:51,24
LF:17
LH:17
BRDA:22,0,0,19
BRDA:22,0,1,11
BRDA:22,1,0,30
BRDA:22,1,1,29
BRDA:26,2,0,25
BRDA:26,2,1,5
BRDA:26,3,0,30
BRDA:26,3,1,29
BRDA:28,4,0,24
BRDA:28,4,1,1
BRDA:41,5,0,4
BRDA:41,5,1,24
BRDA:42,6,0,28
BRDA:42,6,1,28
BRDA:42,6,2,27
BRDA:42,6,3,26
BRDA:42,6,4,25
BRF:17
BRH:17
end_of_record
TN:
SF:src\cart\cart.controller.ts
FN:11,(anonymous_4)
FN:15,(anonymous_5)
FN:21,(anonymous_6)
FN:27,(anonymous_7)
FN:33,(anonymous_8)
FN:39,(anonymous_9)
FN:45,(anonymous_10)
FNF:7
FNH:7
FNDA:25,(anonymous_4)
FNDA:1,(anonymous_5)
FNDA:1,(anonymous_6)
FNDA:1,(anonymous_7)
FNDA:1,(anonymous_8)
FNDA:1,(anonymous_9)
FNDA:1,(anonymous_10)
DA:1,6
DA:2,6
DA:3,6
DA:5,6
DA:10,6
DA:11,25
DA:15,6
DA:16,1
DA:21,6
DA:22,1
DA:27,6
DA:28,1
DA:33,6
DA:34,1
DA:39,6
DA:40,1
DA:45,6
DA:46,1
LF:18
LH:18
BRF:0
BRH:0
end_of_record
TN:
SF:src\cart\cart.service.ts
FN:6,(anonymous_2)
FN:8,(anonymous_3)
FN:26,(anonymous_4)
FN:50,(anonymous_5)
FN:60,(anonymous_6)
FN:84,(anonymous_7)
FN:102,(anonymous_8)
FN:111,(anonymous_9)
FN:113,(anonymous_10)
FN:114,(anonymous_11)
FN:118,(anonymous_12)
FN:152,(anonymous_13)
FN:170,(anonymous_14)
FN:178,(anonymous_15)
FNF:14
FNH:14
FNDA:25,(anonymous_2)
FNDA:7,(anonymous_3)
FNDA:2,(anonymous_4)
FNDA:1,(anonymous_5)
FNDA:2,(anonymous_6)
FNDA:1,(anonymous_7)
FNDA:1,(anonymous_8)
FNDA:1,(anonymous_9)
FNDA:1,(anonymous_10)
FNDA:1,(anonymous_11)
FNDA:3,(anonymous_12)
FNDA:3,(anonymous_13)
FNDA:2,(anonymous_14)
FNDA:1,(anonymous_15)
DA:1,6
DA:2,6
DA:5,6
DA:6,25
DA:9,7
DA:14,7
DA:15,6
DA:18,1
DA:23,1
DA:27,2
DA:28,1
DA:31,1
DA:33,1
DA:50,1
DA:61,2
DA:62,1
DA:65,1
DA:84,1
DA:85,1
DA:86,1
DA:87,1
DA:89,1
DA:102,1
DA:103,1
DA:104,1
DA:106,1
DA:111,1
DA:113,1
DA:114,1
DA:119,3
DA:120,3
DA:121,3
DA:123,3
DA:128,3
DA:129,1
DA:130,1
DA:131,1
DA:134,2
DA:139,2
DA:140,1
DA:143,1
DA:144,1
DA:149,1
DA:153,3
DA:154,3
DA:155,1
DA:156,1
DA:159,2
DA:160,2
DA:162,2
DA:163,1
DA:166,1
DA:167,1
DA:171,2
DA:175,2
DA:179,1
DA:180,1
DA:181,1
LF:58
LH:58
BRDA:14,0,0,6
BRDA:14,0,1,1
BRDA:27,1,0,1
BRDA:27,1,1,1
BRDA:56,2,0,1
BRDA:56,2,1,0
BRDA:61,3,0,1
BRDA:61,3,1,1
BRDA:84,4,0,1
BRDA:84,4,1,0
BRDA:85,5,0,1
BRDA:85,5,1,0
BRDA:86,6,0,1
BRDA:86,6,1,0
BRDA:87,7,0,1
BRDA:87,7,1,0
BRDA:92,8,0,1
BRDA:92,8,1,0
BRDA:96,9,0,1
BRDA:96,9,1,0
BRDA:121,10,0,2
BRDA:121,10,1,1
BRDA:128,11,0,1
BRDA:128,11,1,2
BRDA:139,12,0,1
BRDA:139,12,1,1
BRDA:154,13,0,1
BRDA:154,13,1,2
BRDA:162,14,0,1
BRDA:162,14,1,1
BRF:30
BRH:23
end_of_record
TN:
SF:src\common\constants\validation.patterns.ts
FNF:0
FNH:0
DA:1,8
DA:2,8
DA:4,8
DA:5,8
DA:7,8
DA:8,8
DA:9,8
DA:10,8
DA:11,8
DA:13,8
LF:10
LH:10
BRF:0
BRH:0
end_of_record
TN:
SF:src\common\database\mysql.service.ts
FN:9,(anonymous_2)
FN:24,(anonymous_3)
FN:28,(anonymous_4)
FN:32,(anonymous_5)
FNF:4
FNH:2
FNDA:4,(anonymous_2)
FNDA:0,(anonymous_3)
FNDA:0,(anonymous_4)
FNDA:4,(anonymous_5)
DA:1,9
DA:2,9
DA:3,9
DA:6,9
DA:10,4
DA:25,0
DA:29,0
DA:33,4
LF:8
LH:6
BRDA:24,0,0,0
BRF:1
BRH:0
end_of_record
TN:
SF:src\common\filters\http-exception.filter.ts
FN:12,(anonymous_1)
FN:15,(anonymous_2)
FNF:2
FNH:0
FNDA:0,(anonymous_1)
FNDA:0,(anonymous_2)
DA:1,0
DA:12,0
DA:13,0
DA:16,0
DA:17,0
DA:18,0
DA:19,0
DA:20,0
DA:21,0
DA:23,0
DA:25,0
DA:26,0
DA:27,0
DA:29,0
DA:30,0
DA:31,0
DA:32,0
DA:33,0
DA:34,0
DA:37,0
DA:40,0
DA:41,0
DA:45,0
DA:47,0
DA:48,0
DA:50,0
DA:51,0
DA:53,0
DA:54,0
DA:56,0
DA:57,0
DA:59,0
DA:60,0
DA:62,0
DA:63,0
DA:65,0
DA:66,0
DA:68,0
DA:69,0
DA:70,0
DA:71,0
DA:72,0
DA:73,0
DA:74,0
DA:75,0
DA:76,0
DA:77,0
DA:78,0
DA:79,0
DA:82,0
DA:85,0
DA:95,0
DA:99,0
LF:53
LH:0
BRDA:25,0,0,0
BRDA:25,0,1,0
BRDA:29,1,0,0
BRDA:29,1,1,0
BRDA:31,2,0,0
BRDA:31,2,1,0
BRDA:33,3,0,0
BRDA:33,3,1,0
BRDA:33,4,0,0
BRDA:33,4,1,0
BRDA:40,5,0,0
BRDA:40,5,1,0
BRDA:45,6,0,0
BRDA:45,6,1,0
BRDA:45,6,2,0
BRDA:45,6,3,0
BRDA:45,6,4,0
BRDA:45,6,5,0
BRDA:47,7,0,0
BRDA:47,7,1,0
BRDA:50,8,0,0
BRDA:50,8,1,0
BRDA:53,9,0,0
BRDA:53,9,1,0
BRDA:56,10,0,0
BRDA:56,10,1,0
BRDA:59,11,0,0
BRDA:59,11,1,0
BRDA:62,12,0,0
BRDA:62,12,1,0
BRDA:65,13,0,0
BRDA:65,13,1,0
BRDA:68,14,0,0
BRDA:68,14,1,0
BRDA:72,15,0,0
BRDA:72,15,1,0
BRDA:76,16,0,0
BRDA:76,16,1,0
BRF:38
BRH:0
end_of_record
TN:
SF:src\common\logger\logger.middleware.ts
FN:7,(anonymous_1)
FNF:1
FNH:1
FNDA:3,(anonymous_1)
DA:1,5
DA:3,5
DA:6,5
DA:8,3
DA:10,3
DA:11,3
DA:12,3
DA:14,3
DA:15,1
DA:16,1
DA:19,2
DA:20,0
DA:21,0
DA:24,2
DA:25,2
LF:15
LH:13
BRDA:14,0,0,1
BRDA:14,0,1,2
BRDA:19,1,0,0
BRDA:19,1,1,2
BRF:4
BRH:3
end_of_record
TN:
SF:src\common\stock\low-stock.util.ts
FN:12,(anonymous_0)
FN:17,(anonymous_1)
FNF:2
FNH:2
FNDA:9,(anonymous_0)
FNDA:7,(anonymous_1)
DA:1,9
DA:12,9
DA:17,9
DA:22,7
DA:23,2
DA:26,5
DA:28,5
LF:7
LH:7
BRDA:22,0,0,2
BRDA:22,0,1,5
BRDA:26,1,0,4
BRDA:26,1,1,1
BRF:4
BRH:4
end_of_record
TN:
SF:src\common\utils\prisma-error.util.ts
FN:4,handlePrismaPersistenceError
FNF:1
FNH:1
FNDA:9,handlePrismaPersistenceError
DA:1,9
DA:2,9
DA:4,9
DA:9,9
DA:10,8
DA:11,5
DA:12,5
DA:13,1
DA:18,4
DA:19,1
DA:24,3
DA:30,3
DA:31,3
DA:38,1
LF:14
LH:14
BRDA:9,0,0,8
BRDA:9,0,1,1
BRDA:10,1,0,5
BRDA:10,1,1,3
BRDA:11,2,0,3
BRDA:11,2,1,2
BRDA:12,3,0,1
BRDA:12,3,1,4
BRDA:18,4,0,1
BRDA:18,4,1,3
BRDA:30,5,0,3
BRDA:30,5,1,0
BRDA:30,6,0,3
BRDA:30,6,1,3
BRF:14
BRH:13
end_of_record
TN:
SF:src\common\utils\user-mapper.util.ts
FN:16,mapAuthUserResponse
FN:29,mapAdminUserResponse
FNF:2
FNH:2
FNDA:8,mapAuthUserResponse
FNDA:2,mapAdminUserResponse
DA:16,9
DA:17,8
DA:29,9
DA:30,2
LF:4
LH:4
BRDA:24,0,0,8
BRDA:24,0,1,0
BRDA:25,1,0,8
BRDA:25,1,1,1
BRDA:35,2,0,2
BRDA:35,2,1,0
BRDA:36,3,0,2
BRDA:36,3,1,0
BRDA:37,4,0,2
BRDA:37,4,1,0
BRDA:38,5,0,2
BRDA:38,5,1,0
BRDA:39,6,0,2
BRDA:39,6,1,0
BRDA:41,7,0,2
BRDA:41,7,1,0
BRF:16
BRH:9
end_of_record
TN:
SF:src\config\envs.ts
FN:70,(anonymous_0)
FN:106,(anonymous_1)
FNF:2
FNH:2
FNDA:21,(anonymous_0)
FNDA:84,(anonymous_1)
DA:1,21
DA:2,21
DA:32,21
DA:62,21
DA:64,21
DA:65,0
DA:68,21
DA:70,21
DA:71,21
DA:72,21
DA:75,0
DA:76,0
DA:77,0
DA:78,0
DA:79,0
DA:81,0
DA:84,21
DA:106,84
LF:18
LH:11
BRDA:64,0,0,0
BRDA:64,0,1,21
BRDA:71,1,0,21
BRDA:71,1,1,0
BRDA:71,2,0,21
BRDA:71,2,1,21
BRDA:76,3,0,0
BRDA:76,3,1,0
BRDA:86,4,0,21
BRDA:86,4,1,0
BRDA:96,5,0,21
BRDA:96,5,1,0
BRDA:97,6,0,21
BRDA:97,6,1,0
BRDA:100,7,0,21
BRDA:100,7,1,0
BRDA:101,8,0,21
BRDA:101,8,1,0
BRDA:102,9,0,21
BRDA:102,9,1,0
BRDA:106,10,0,21
BRDA:106,10,1,0
BRF:22
BRH:11
end_of_record
TN:
SF:src\config\index.ts
FNF:0
FNH:0
DA:1,21
LF:1
LH:1
BRF:0
BRH:0
end_of_record
TN:
SF:src\email\email.service.ts
FN:12,(anonymous_2)
FN:14,(anonymous_3)
FN:49,(anonymous_4)
FN:58,(anonymous_5)
FN:77,(anonymous_6)
FN:103,(anonymous_7)
FN:122,(anonymous_8)
FN:135,(anonymous_9)
FN:136,(anonymous_10)
FN:168,(anonymous_11)
FN:181,(anonymous_12)
FNF:11
FNH:11
FNDA:18,(anonymous_2)
FNDA:10,(anonymous_3)
FNDA:8,(anonymous_4)
FNDA:1,(anonymous_5)
FNDA:2,(anonymous_6)
FNDA:1,(anonymous_7)
FNDA:4,(anonymous_8)
FNDA:5,(anonymous_9)
FNDA:5,(anonymous_10)
FNDA:3,(anonymous_11)
FNDA:3,(anonymous_12)
DA:1,11
DA:2,11
DA:4,11
DA:5,11
DA:8,11
DA:9,18
DA:10,18
DA:12,18
DA:15,10
DA:16,1
DA:19,9
DA:20,1
DA:23,8
DA:24,1
DA:27,7
DA:45,7
DA:46,7
DA:50,8
DA:51,8
DA:52,1
DA:55,7
DA:59,1
DA:60,1
DA:74,1
DA:83,2
DA:84,2
DA:85,2
DA:100,2
DA:104,1
DA:105,1
DA:119,1
DA:123,4
DA:124,1
DA:127,3
DA:132,3
DA:135,5
DA:136,5
DA:140,3
DA:141,1
DA:142,1
DA:145,2
DA:146,2
DA:154,2
DA:156,2
DA:160,2
DA:168,3
DA:181,3
DA:195,2
LF:48
LH:48
BRDA:15,0,0,1
BRDA:15,0,1,9
BRDA:19,1,0,1
BRDA:19,1,1,8
BRDA:19,2,0,9
BRDA:19,2,1,8
BRDA:23,3,0,1
BRDA:23,3,1,7
BRDA:23,4,0,8
BRDA:23,4,1,2
BRDA:27,5,0,6
BRDA:27,5,1,1
BRDA:50,6,0,8
BRDA:50,6,1,1
BRDA:51,7,0,1
BRDA:51,7,1,7
BRDA:55,8,0,6
BRDA:55,8,1,1
BRDA:84,9,0,2
BRDA:84,9,1,1
BRDA:123,10,0,1
BRDA:123,10,1,3
BRDA:140,11,0,1
BRDA:140,11,1,2
BRDA:154,12,0,2
BRDA:154,12,1,1
BRDA:156,13,0,1
BRDA:156,13,1,1
BRDA:183,14,0,3
BRDA:183,14,1,1
BRF:30
BRH:30
end_of_record
TN:
SF:src\inventory\inventory.controller.ts
FN:15,(anonymous_4)
FN:19,(anonymous_5)
FN:25,(anonymous_6)
FN:31,(anonymous_7)
FNF:4
FNH:1
FNDA:5,(anonymous_4)
FNDA:0,(anonymous_5)
FNDA:0,(anonymous_6)
FNDA:0,(anonymous_7)
DA:1,5
DA:2,5
DA:3,5
DA:4,5
DA:6,5
DA:7,5
DA:8,5
DA:14,5
DA:15,5
DA:19,5
DA:20,0
DA:25,5
DA:26,0
DA:31,5
DA:32,0
LF:15
LH:12
BRF:0
BRH:0
end_of_record
TN:
SF:src\inventory\inventory.service.ts
FN:24,(anonymous_2)
FN:29,(anonymous_3)
FN:41,(anonymous_4)
FN:54,(anonymous_5)
FN:58,(anonymous_6)
FN:176,(anonymous_7)
FN:200,(anonymous_8)
FN:228,(anonymous_9)
FN:235,(anonymous_10)
FN:245,(anonymous_11)
FN:258,(anonymous_12)
FN:266,(anonymous_13)
FN:282,(anonymous_14)
FN:298,(anonymous_15)
FNF:14
FNH:14
FNDA:13,(anonymous_2)
FNDA:1,(anonymous_3)
FNDA:1,(anonymous_4)
FNDA:2,(anonymous_5)
FNDA:4,(anonymous_6)
FNDA:2,(anonymous_7)
FNDA:2,(anonymous_8)
FNDA:2,(anonymous_9)
FNDA:4,(anonymous_10)
FNDA:2,(anonymous_11)
FNDA:4,(anonymous_12)
FNDA:2,(anonymous_13)
FNDA:1,(anonymous_14)
FNDA:1,(anonymous_15)
DA:1,6
DA:3,6
DA:4,6
DA:5,6
DA:21,6
DA:22,13
DA:25,13
DA:26,13
DA:30,1
DA:40,1
DA:41,1
DA:42,1
DA:43,1
DA:45,1
DA:55,2
DA:59,4
DA:60,4
DA:61,4
DA:63,4
DA:64,4
DA:66,4
DA:67,4
DA:68,4
DA:69,4
DA:72,4
DA:73,4
DA:80,3
DA:82,3
DA:84,1
DA:94,1
DA:99,1
DA:100,0
DA:106,2
DA:111,2
DA:112,1
DA:116,1
DA:126,1
DA:131,1
DA:132,0
DA:138,2
DA:139,2
DA:140,2
DA:143,2
DA:145,2
DA:146,1
DA:149,1
DA:152,2
DA:157,2
DA:159,2
DA:160,1
DA:163,1
DA:168,1
DA:170,4
DA:171,4
DA:177,2
DA:188,2
DA:189,2
DA:190,0
DA:193,2
DA:201,2
DA:202,2
DA:228,2
DA:242,4
DA:246,2
DA:247,1
DA:250,1
DA:251,1
DA:252,1
DA:255,0
DA:259,4
DA:260,0
DA:263,4
DA:267,2
DA:268,0
DA:271,2
DA:272,2
DA:274,0
DA:283,1
DA:284,1
DA:287,0
DA:288,0
DA:291,0
DA:292,0
DA:294,0
DA:299,1
DA:300,1
DA:302,0
LF:87
LH:74
BRDA:42,0,0,1
BRDA:42,0,1,0
BRDA:43,1,0,1
BRDA:43,1,1,0
BRDA:47,2,0,1
BRDA:47,2,1,0
BRDA:59,3,0,2
BRDA:59,3,1,2
BRDA:60,4,0,4
BRDA:60,4,1,0
BRDA:61,5,0,4
BRDA:61,5,1,0
BRDA:72,6,0,4
BRDA:72,6,1,4
BRDA:72,7,0,2
BRDA:72,7,1,2
BRDA:82,8,0,1
BRDA:82,8,1,2
BRDA:90,9,0,1
BRDA:90,9,1,1
BRDA:99,10,0,0
BRDA:99,10,1,1
BRDA:111,11,0,1
BRDA:111,11,1,1
BRDA:111,12,0,2
BRDA:111,12,1,2
BRDA:131,13,0,0
BRDA:131,13,1,1
BRDA:139,14,0,2
BRDA:139,14,1,0
BRDA:145,15,0,1
BRDA:145,15,1,1
BRDA:154,16,0,1
BRDA:154,16,1,1
BRDA:159,17,0,1
BRDA:159,17,1,1
BRDA:165,18,0,1
BRDA:165,18,1,0
BRDA:170,19,0,4
BRDA:170,19,1,0
BRDA:189,20,0,0
BRDA:189,20,1,2
BRDA:195,21,0,2
BRDA:195,21,1,0
BRDA:196,22,0,2
BRDA:196,22,1,0
BRDA:231,23,0,2
BRDA:231,23,1,0
BRDA:246,24,0,1
BRDA:246,24,1,1
BRDA:251,25,0,1
BRDA:251,25,1,0
BRDA:251,26,0,1
BRDA:251,26,1,0
BRDA:259,27,0,0
BRDA:259,27,1,4
BRDA:267,28,0,0
BRDA:267,28,1,2
BRDA:283,29,0,1
BRDA:283,29,1,0
BRDA:287,30,0,0
BRDA:287,30,1,0
BRF:62
BRH:41
end_of_record
TN:
SF:src\prisma\prisma.service.ts
FN:9,(anonymous_2)
FN:19,(anonymous_3)
FN:30,(anonymous_4)
FNF:3
FNH:3
FNDA:1,(anonymous_2)
FNDA:1,(anonymous_3)
FNDA:1,(anonymous_4)
DA:1,19
DA:2,19
DA:3,19
DA:6,19
DA:7,1
DA:10,1
DA:20,1
DA:21,1
DA:23,1
DA:24,1
DA:31,1
LF:11
LH:11
BRDA:23,0,0,1
BRDA:23,0,1,0
BRF:2
BRH:1
end_of_record
TN:
SF:src\products\product-image-upload.util.ts
FN:41,resolveImageExtension
FN:70,ensureProductUploadDir
FN:76,sanitizeFileName
FN:89,(anonymous_3)
FN:93,(anonymous_4)
FN:105,(anonymous_5)
FN:115,buildStoredProductImagePath
FN:119,resolveUploadedProductImagePath
FN:127,isStoredProductImage
FN:135,deleteStoredProductImage
FNF:10
FNH:5
FNDA:0,resolveImageExtension
FNDA:0,ensureProductUploadDir
FNDA:0,sanitizeFileName
FNDA:0,(anonymous_3)
FNDA:0,(anonymous_4)
FNDA:2,(anonymous_5)
FNDA:2,buildStoredProductImagePath
FNDA:5,resolveUploadedProductImagePath
FNDA:9,isStoredProductImage
FNDA:4,deleteStoredProductImage
DA:1,9
DA:2,9
DA:3,9
DA:4,9
DA:6,9
DA:7,9
DA:18,9
DA:42,0
DA:43,0
DA:44,0
DA:47,0
DA:48,0
DA:49,0
DA:52,0
DA:53,0
DA:56,0
DA:57,0
DA:59,0
DA:60,0
DA:63,0
DA:64,0
DA:67,0
DA:71,0
DA:72,0
DA:77,0
DA:84,0
DA:87,9
DA:90,0
DA:91,0
DA:94,0
DA:95,0
DA:96,0
DA:97,0
DA:99,0
DA:106,2
DA:107,1
DA:108,1
DA:111,1
DA:115,9
DA:116,2
DA:119,9
DA:120,5
DA:121,4
DA:124,1
DA:127,9
DA:128,9
DA:129,4
DA:132,5
DA:135,9
DA:136,4
DA:137,2
DA:140,2
DA:141,2
DA:143,2
DA:144,1
LF:55
LH:29
BRDA:43,0,0,0
BRDA:43,0,1,0
BRDA:47,1,0,0
BRDA:47,1,1,0
BRDA:48,2,0,0
BRDA:48,2,1,0
BRDA:52,3,0,0
BRDA:52,3,1,0
BRDA:59,4,0,0
BRDA:59,4,1,0
BRDA:63,5,0,0
BRDA:63,5,1,0
BRDA:71,6,0,0
BRDA:71,6,1,0
BRDA:84,7,0,0
BRDA:84,7,1,0
BRDA:94,8,0,0
BRDA:94,8,1,0
BRDA:106,9,0,1
BRDA:106,9,1,1
BRDA:120,10,0,4
BRDA:120,10,1,1
BRDA:128,11,0,4
BRDA:128,11,1,5
BRDA:136,12,0,2
BRDA:136,12,1,2
BRDA:140,13,0,2
BRDA:140,13,1,0
BRDA:143,14,0,1
BRDA:143,14,1,1
BRF:30
BRH:11
end_of_record
TN:
SF:src\products\products.controller.ts
FN:90,(anonymous_4)
FN:99,(anonymous_5)
FN:107,(anonymous_6)
FN:128,(anonymous_7)
FN:159,(anonymous_8)
FN:181,(anonymous_9)
FNF:6
FNH:4
FNDA:7,(anonymous_4)
FNDA:0,(anonymous_5)
FNDA:1,(anonymous_6)
FNDA:1,(anonymous_7)
FNDA:0,(anonymous_8)
FNDA:1,(anonymous_9)
DA:1,6
DA:14,6
DA:22,6
DA:24,6
DA:25,6
DA:27,6
DA:32,6
DA:34,6
DA:36,6
DA:89,6
DA:91,7
DA:99,6
DA:100,0
DA:107,6
DA:108,1
DA:128,6
DA:133,1
DA:159,6
DA:167,0
DA:181,6
DA:184,1
LF:21
LH:19
BRF:0
BRH:0
end_of_record
TN:
SF:src\products\products.service.ts
FN:10,(anonymous_2)
FN:12,(anonymous_3)
FN:32,(anonymous_4)
FN:52,(anonymous_5)
FN:69,(anonymous_6)
FN:93,(anonymous_7)
FN:97,(anonymous_8)
FN:104,(anonymous_9)
FN:137,(anonymous_10)
FN:192,(anonymous_11)
FN:203,(anonymous_12)
FN:243,(anonymous_13)
FN:252,(anonymous_14)
FNF:13
FNH:13
FNDA:22,(anonymous_2)
FNDA:5,(anonymous_3)
FNDA:1,(anonymous_4)
FNDA:2,(anonymous_5)
FNDA:1,(anonymous_6)
FNDA:2,(anonymous_7)
FNDA:2,(anonymous_8)
FNDA:9,(anonymous_9)
FNDA:3,(anonymous_10)
FNDA:3,(anonymous_11)
FNDA:2,(anonymous_12)
FNDA:11,(anonymous_13)
FNDA:11,(anonymous_14)
DA:1,9
DA:2,9
DA:3,9
DA:6,9
DA:9,9
DA:10,22
DA:13,5
DA:14,0
DA:15,0
DA:16,0
DA:22,5
DA:23,5
DA:24,5
DA:26,0
DA:29,5
DA:33,1
DA:52,2
DA:70,1
DA:92,1
DA:93,2
DA:97,2
DA:105,9
DA:107,9
DA:108,9
DA:120,4
DA:125,5
DA:126,1
DA:129,5
DA:130,1
DA:133,4
DA:138,3
DA:143,3
DA:144,1
DA:145,1
DA:148,1
DA:152,2
DA:158,2
DA:159,2
DA:172,1
DA:174,1
DA:175,1
DA:178,1
DA:179,0
DA:182,1
DA:185,1
DA:186,1
DA:189,1
DA:193,3
DA:198,3
DA:199,1
DA:202,2
DA:203,2
DA:204,2
DA:208,2
DA:212,2
DA:216,2
DA:220,2
DA:224,2
DA:229,0
DA:230,0
DA:235,0
DA:238,2
DA:240,2
DA:244,11
DA:245,6
DA:248,5
DA:249,5
DA:253,11
DA:255,11
DA:256,4
DA:257,1
DA:259,1
LF:72
LH:64
BRDA:13,0,0,0
BRDA:13,0,1,5
BRDA:14,1,0,0
BRDA:14,1,1,0
BRDA:15,2,0,0
BRDA:15,2,1,0
BRDA:22,3,0,5
BRDA:22,3,1,0
BRDA:61,4,0,2
BRDA:61,4,1,1
BRDA:62,5,0,2
BRDA:62,5,1,0
BRDA:95,6,0,2
BRDA:95,6,1,1
BRDA:99,7,0,2
BRDA:99,7,1,1
BRDA:105,8,0,9
BRDA:105,8,1,7
BRDA:114,9,0,9
BRDA:114,9,1,3
BRDA:125,10,0,1
BRDA:125,10,1,4
BRDA:129,11,0,1
BRDA:129,11,1,4
BRDA:143,12,0,1
BRDA:143,12,1,2
BRDA:144,13,0,1
BRDA:144,13,1,0
BRDA:152,14,0,2
BRDA:152,14,1,0
BRDA:154,15,0,0
BRDA:154,15,1,0
BRDA:162,16,0,2
BRDA:162,16,1,0
BRDA:163,17,0,0
BRDA:163,17,1,2
BRDA:164,18,0,0
BRDA:164,18,1,2
BRDA:165,19,0,0
BRDA:165,19,1,2
BRDA:166,20,0,0
BRDA:166,20,1,2
BRDA:166,21,0,0
BRDA:166,21,1,0
BRDA:167,22,0,2
BRDA:167,22,1,0
BRDA:168,23,0,2
BRDA:168,23,1,0
BRDA:174,24,0,1
BRDA:174,24,1,0
BRDA:178,25,0,0
BRDA:178,25,1,1
BRDA:185,26,0,1
BRDA:185,26,1,0
BRDA:185,27,0,1
BRDA:185,27,1,1
BRDA:185,27,2,1
BRDA:198,28,0,1
BRDA:198,28,1,2
BRDA:229,29,0,0
BRDA:229,29,1,0
BRDA:229,30,0,0
BRDA:229,30,1,0
BRDA:244,31,0,6
BRDA:244,31,1,5
BRDA:249,32,0,5
BRDA:249,32,1,0
BRDA:255,33,0,7
BRDA:255,33,1,4
BRDA:256,34,0,3
BRDA:256,34,1,1
BRDA:257,35,0,0
BRDA:257,35,1,1
BRDA:257,36,0,1
BRDA:257,36,1,1
BRF:75
BRH:46
end_of_record
TN:
SF:src\products\dto\product-status.enum.ts
FN:1,(anonymous_0)
FNF:1
FNH:0
FNDA:0,(anonymous_0)
DA:1,0
DA:2,0
DA:3,0
DA:4,0
LF:4
LH:0
BRDA:1,0,0,0
BRDA:1,0,1,0
BRF:2
BRH:0
end_of_record
TN:
SF:src\proveedores\proveedores.controller.ts
FN:28,(anonymous_4)
FN:35,(anonymous_5)
FN:44,(anonymous_6)
FN:52,(anonymous_7)
FN:60,(anonymous_8)
FN:68,(anonymous_9)
FN:76,(anonymous_10)
FN:84,(anonymous_11)
FN:92,(anonymous_12)
FNF:9
FNH:9
FNDA:13,(anonymous_4)
FNDA:3,(anonymous_5)
FNDA:2,(anonymous_6)
FNDA:4,(anonymous_7)
FNDA:3,(anonymous_8)
FNDA:3,(anonymous_9)
FNDA:2,(anonymous_10)
FNDA:2,(anonymous_11)
FNDA:4,(anonymous_12)
DA:1,6
DA:11,6
DA:18,6
DA:19,6
DA:20,6
DA:21,6
DA:22,6
DA:27,6
DA:28,13
DA:35,6
DA:36,3
DA:44,6
DA:45,2
DA:52,6
DA:53,4
DA:60,6
DA:61,3
DA:68,6
DA:69,3
DA:76,6
DA:77,2
DA:84,6
DA:85,2
DA:92,6
DA:93,4
LF:25
LH:25
BRF:0
BRH:0
end_of_record
TN:
SF:src\proveedores\proveedores.service.ts
FN:15,(anonymous_2)
FN:17,(anonymous_3)
FN:26,(anonymous_4)
FN:38,(anonymous_5)
FN:59,(anonymous_6)
FN:76,(anonymous_7)
FN:94,(anonymous_8)
FN:125,(anonymous_9)
FN:136,(anonymous_10)
FN:140,(anonymous_11)
FN:172,(anonymous_12)
FN:205,(anonymous_13)
FN:248,(anonymous_14)
FN:272,(anonymous_15)
FN:292,(anonymous_16)
FNF:15
FNH:15
FNDA:36,(anonymous_2)
FNDA:30,(anonymous_3)
FNDA:16,(anonymous_4)
FNDA:13,(anonymous_5)
FNDA:8,(anonymous_6)
FNDA:6,(anonymous_7)
FNDA:6,(anonymous_8)
FNDA:10,(anonymous_9)
FNDA:2,(anonymous_10)
FNDA:5,(anonymous_11)
FNDA:4,(anonymous_12)
FNDA:6,(anonymous_13)
FNDA:4,(anonymous_14)
FNDA:3,(anonymous_15)
FNDA:7,(anonymous_16)
DA:1,7
DA:8,7
DA:9,7
DA:14,7
DA:15,36
DA:18,30
DA:19,30
DA:20,5
DA:22,25
DA:27,16
DA:28,16
DA:29,3
DA:34,13
DA:39,13
DA:41,13
DA:42,2
DA:48,11
DA:49,3
DA:55,8
DA:60,8
DA:68,8
DA:69,2
DA:77,6
DA:78,2
DA:79,1
DA:84,1
DA:85,1
DA:91,4
DA:95,6
DA:97,6
DA:98,4
DA:101,6
DA:102,3
DA:103,3
DA:110,6
DA:123,6
DA:125,10
DA:137,2
DA:141,5
DA:143,4
DA:155,4
DA:156,2
DA:159,2
DA:173,4
DA:174,4
DA:175,4
DA:177,4
DA:179,3
DA:180,3
DA:189,2
DA:201,1
DA:206,6
DA:208,6
DA:213,6
DA:214,2
DA:217,4
DA:218,1
DA:221,3
DA:222,3
DA:225,3
DA:226,2
DA:227,2
DA:230,3
DA:236,3
DA:237,3
DA:242,2
DA:244,1
DA:249,4
DA:251,4
DA:256,4
DA:257,1
DA:260,3
DA:261,1
DA:264,2
DA:269,2
DA:273,3
DA:275,3
DA:280,3
DA:281,1
DA:284,2
DA:289,2
DA:293,7
DA:295,7
DA:300,7
DA:301,2
DA:304,5
DA:305,2
DA:311,3
DA:312,3
DA:313,2
DA:315,1
LF:91
LH:91
BRDA:19,0,0,5
BRDA:19,0,1,25
BRDA:19,1,0,30
BRDA:19,1,1,27
BRDA:27,2,0,16
BRDA:27,2,1,1
BRDA:28,3,0,3
BRDA:28,3,1,13
BRDA:39,4,0,13
BRDA:39,4,1,1
BRDA:41,5,0,2
BRDA:41,5,1,11
BRDA:48,6,0,3
BRDA:48,6,1,8
BRDA:63,7,0,3
BRDA:63,7,1,5
BRDA:68,8,0,2
BRDA:68,8,1,6
BRDA:77,9,0,2
BRDA:77,9,1,4
BRDA:78,10,0,1
BRDA:78,10,1,1
BRDA:84,11,0,1
BRDA:84,11,1,0
BRDA:94,12,0,1
BRDA:97,13,0,4
BRDA:97,13,1,2
BRDA:101,14,0,3
BRDA:101,14,1,3
BRDA:155,15,0,2
BRDA:155,15,1,2
BRDA:213,16,0,2
BRDA:213,16,1,4
BRDA:217,17,0,1
BRDA:217,17,1,3
BRDA:221,18,0,3
BRDA:221,18,1,0
BRDA:222,19,0,1
BRDA:222,19,1,2
BRDA:225,20,0,2
BRDA:225,20,1,1
BRDA:231,21,0,3
BRDA:231,21,1,0
BRDA:232,22,0,1
BRDA:232,22,1,2
BRDA:233,23,0,2
BRDA:233,23,1,1
BRDA:256,24,0,1
BRDA:256,24,1,3
BRDA:260,25,0,1
BRDA:260,25,1,2
BRDA:280,26,0,1
BRDA:280,26,1,2
BRDA:300,27,0,2
BRDA:300,27,1,5
BRDA:304,28,0,2
BRDA:304,28,1,3
BRF:57
BRH:54
end_of_record
TN:
SF:src\reports\reports.controller.ts
FN:14,(anonymous_4)
FN:20,(anonymous_5)
FN:26,(anonymous_6)
FN:32,(anonymous_7)
FN:38,(anonymous_8)
FN:44,(anonymous_9)
FNF:6
FNH:6
FNDA:5,(anonymous_4)
FNDA:1,(anonymous_5)
FNDA:1,(anonymous_6)
FNDA:1,(anonymous_7)
FNDA:1,(anonymous_8)
FNDA:1,(anonymous_9)
DA:1,5
DA:3,5
DA:4,5
DA:5,5
DA:13,5
DA:14,5
DA:20,5
DA:21,1
DA:26,5
DA:27,1
DA:32,5
DA:33,1
DA:38,5
DA:39,1
DA:44,5
DA:45,1
DA:46,1
DA:47,1
DA:48,1
LF:19
LH:19
BRF:0
BRH:0
end_of_record
TN:
SF:src\reports\reports.service.ts
FN:7,(anonymous_2)
FN:9,(anonymous_3)
FN:33,(anonymous_4)
FN:49,(anonymous_5)
FN:60,(anonymous_6)
FN:73,(anonymous_7)
FN:77,(anonymous_8)
FN:79,(anonymous_9)
FN:134,(anonymous_10)
FN:161,(anonymous_11)
FN:187,(anonymous_12)
FN:197,(anonymous_13)
FN:198,(anonymous_14)
FNF:13
FNH:13
FNDA:5,(anonymous_2)
FNDA:1,(anonymous_3)
FNDA:1,(anonymous_4)
FNDA:2,(anonymous_5)
FNDA:1,(anonymous_6)
FNDA:1,(anonymous_7)
FNDA:61,(anonymous_8)
FNDA:4,(anonymous_9)
FNDA:3,(anonymous_10)
FNDA:1,(anonymous_11)
FNDA:1,(anonymous_12)
FNDA:1,(anonymous_13)
FNDA:1,(anonymous_14)
DA:1,5
DA:2,5
DA:3,5
DA:6,5
DA:7,5
DA:10,1
DA:15,1
DA:17,1
DA:18,0
DA:19,0
DA:22,1
DA:23,0
DA:24,0
DA:27,1
DA:29,1
DA:30,1
DA:34,1
DA:45,1
DA:46,1
DA:50,2
DA:57,2
DA:61,1
DA:70,1
DA:74,1
DA:75,1
DA:77,61
DA:79,1
DA:80,4
DA:87,1
DA:88,1
DA:96,1
DA:97,1
DA:98,1
DA:99,1
DA:101,1
DA:103,1
DA:114,1
DA:124,1
DA:125,1
DA:126,1
DA:127,1
DA:128,1
DA:134,1
DA:135,3
DA:136,3
DA:137,3
DA:138,3
DA:141,1
DA:142,1
DA:143,1
DA:144,1
DA:145,1
DA:147,1
DA:148,1
DA:149,1
DA:150,1
DA:151,1
DA:152,1
DA:153,1
DA:154,1
DA:156,1
DA:157,1
DA:158,0
DA:159,0
DA:161,1
DA:162,1
DA:163,1
DA:164,1
DA:165,1
DA:169,1
DA:170,1
DA:171,1
DA:172,1
DA:173,1
DA:175,1
DA:176,1
DA:177,1
DA:178,1
DA:179,1
DA:180,1
DA:181,1
DA:183,1
DA:184,1
DA:185,0
DA:187,1
DA:188,1
DA:189,1
DA:190,1
DA:191,1
DA:195,1
DA:197,1
DA:198,1
LF:92
LH:85
BRDA:17,0,0,0
BRDA:17,0,1,1
BRDA:22,1,0,0
BRDA:22,1,1,1
BRDA:85,2,0,4
BRDA:85,2,1,0
BRDA:129,3,0,1
BRDA:129,3,1,0
BRDA:157,4,0,0
BRDA:157,4,1,1
BRDA:184,5,0,0
BRDA:184,5,1,1
BRF:12
BRH:6
end_of_record
TN:
SF:src\sales\sales.controller.ts
FN:13,(anonymous_4)
FN:22,(anonymous_5)
FN:39,(anonymous_6)
FN:46,(anonymous_7)
FN:52,(anonymous_8)
FNF:5
FNH:1
FNDA:5,(anonymous_4)
FNDA:0,(anonymous_5)
FNDA:0,(anonymous_6)
FNDA:0,(anonymous_7)
FNDA:0,(anonymous_8)
DA:1,5
DA:2,5
DA:3,5
DA:4,5
DA:6,5
DA:7,5
DA:12,5
DA:13,5
DA:22,5
DA:28,0
DA:39,5
DA:40,0
DA:46,5
DA:47,0
DA:52,5
DA:53,0
LF:16
LH:12
BRF:0
BRH:0
end_of_record
TN:
SF:src\sales\sales.service.ts
FN:21,(anonymous_2)
FN:26,(anonymous_3)
FN:51,(anonymous_4)
FN:100,(anonymous_5)
FN:116,(anonymous_6)
FN:130,(anonymous_7)
FN:137,(anonymous_8)
FN:142,(anonymous_9)
FN:150,(anonymous_10)
FN:291,(anonymous_11)
FN:307,(anonymous_12)
FN:323,(anonymous_13)
FNF:12
FNH:10
FNDA:19,(anonymous_2)
FNDA:8,(anonymous_3)
FNDA:4,(anonymous_4)
FNDA:6,(anonymous_5)
FNDA:2,(anonymous_6)
FNDA:4,(anonymous_7)
FNDA:0,(anonymous_8)
FNDA:0,(anonymous_9)
FNDA:8,(anonymous_10)
FNDA:6,(anonymous_11)
FNDA:2,(anonymous_12)
FNDA:2,(anonymous_13)
DA:1,7
DA:9,7
DA:10,7
DA:11,7
DA:14,7
DA:15,7
DA:18,7
DA:19,19
DA:22,19
DA:23,19
DA:27,8
DA:28,0
DA:31,8
DA:32,0
DA:35,8
DA:36,8
DA:37,0
DA:40,8
DA:41,8
DA:44,0
DA:45,0
DA:48,0
DA:57,4
DA:73,4
DA:75,4
DA:76,2
DA:77,2
DA:80,4
DA:81,2
DA:82,2
DA:85,4
DA:86,4
DA:87,2
DA:88,2
DA:91,4
DA:92,4
DA:93,2
DA:94,2
DA:97,4
DA:99,4
DA:100,4
DA:101,6
DA:103,6
DA:117,2
DA:129,2
DA:130,4
DA:138,0
DA:142,0
DA:151,8
DA:152,8
DA:153,0
DA:156,8
DA:158,8
DA:159,8
DA:161,8
DA:162,8
DA:163,8
DA:165,8
DA:170,6
DA:171,2
DA:177,4
DA:185,4
DA:186,4
DA:187,0
DA:190,4
DA:191,4
DA:192,4
DA:194,4
DA:205,4
DA:206,2
DA:212,2
DA:221,2
DA:228,2
DA:231,2
DA:240,2
DA:245,2
DA:246,2
DA:247,2
DA:248,2
DA:252,2
DA:253,2
DA:255,2
DA:256,2
DA:259,2
DA:262,2
DA:269,6
DA:271,6
DA:272,4
DA:275,2
DA:280,2
DA:285,8
DA:286,8
DA:292,6
DA:293,0
DA:296,6
DA:297,6
DA:299,0
DA:308,2
DA:309,2
DA:312,0
DA:313,0
DA:316,0
DA:317,0
DA:319,0
DA:324,2
DA:325,2
DA:327,0
LF:107
LH:89
BRDA:27,0,0,0
BRDA:27,0,1,8
BRDA:27,1,0,8
BRDA:27,1,1,0
BRDA:27,1,2,0
BRDA:31,2,0,0
BRDA:31,2,1,8
BRDA:36,3,0,0
BRDA:36,3,1,8
BRDA:40,4,0,8
BRDA:40,4,1,0
BRDA:44,5,0,0
BRDA:44,5,1,0
BRDA:75,6,0,2
BRDA:75,6,1,2
BRDA:75,7,0,4
BRDA:75,7,1,2
BRDA:80,8,0,2
BRDA:80,8,1,2
BRDA:86,9,0,2
BRDA:86,9,1,2
BRDA:92,10,0,2
BRDA:92,10,1,2
BRDA:101,11,0,6
BRDA:101,11,1,0
BRDA:106,12,0,6
BRDA:106,12,1,0
BRDA:108,13,0,6
BRDA:108,13,1,0
BRDA:142,14,0,0
BRDA:142,14,1,0
BRDA:144,15,0,0
BRDA:144,15,1,0
BRDA:146,16,0,0
BRDA:146,16,1,0
BRDA:146,16,2,0
BRDA:151,17,0,8
BRDA:151,17,1,0
BRDA:152,18,0,0
BRDA:152,18,1,8
BRDA:156,19,0,8
BRDA:156,19,1,0
BRDA:170,20,0,2
BRDA:170,20,1,4
BRDA:186,21,0,0
BRDA:186,21,1,4
BRDA:205,22,0,2
BRDA:205,22,1,2
BRDA:205,23,0,4
BRDA:205,23,1,4
BRDA:247,24,0,2
BRDA:247,24,1,0
BRDA:255,25,0,2
BRDA:255,25,1,0
BRDA:266,26,0,2
BRDA:266,26,1,0
BRDA:271,27,0,4
BRDA:271,27,1,2
BRDA:271,28,0,6
BRDA:271,28,1,4
BRDA:277,29,0,2
BRDA:277,29,1,0
BRDA:285,30,0,8
BRDA:285,30,1,0
BRDA:292,31,0,0
BRDA:292,31,1,6
BRDA:308,32,0,2
BRDA:308,32,1,0
BRDA:312,33,0,0
BRDA:312,33,1,0
BRF:70
BRH:39
end_of_record
TN:
SF:src\users-admin\users-admin.controller.ts
FN:14,(anonymous_4)
FN:18,(anonymous_5)
FN:24,(anonymous_6)
FN:30,(anonymous_7)
FN:36,(anonymous_8)
FN:42,(anonymous_9)
FN:48,(anonymous_10)
FN:54,(anonymous_11)
FNF:8
FNH:8
FNDA:12,(anonymous_4)
FNDA:1,(anonymous_5)
FNDA:1,(anonymous_6)
FNDA:1,(anonymous_7)
FNDA:3,(anonymous_8)
FNDA:1,(anonymous_9)
FNDA:1,(anonymous_10)
FNDA:1,(anonymous_11)
DA:1,6
DA:2,6
DA:3,6
DA:4,6
DA:5,6
DA:6,6
DA:13,6
DA:14,12
DA:18,6
DA:19,1
DA:24,6
DA:25,1
DA:30,6
DA:31,1
DA:36,6
DA:37,3
DA:42,6
DA:43,1
DA:48,6
DA:49,1
DA:54,6
DA:55,1
LF:22
LH:22
BRF:0
BRH:0
end_of_record
TN:
SF:src\users-admin\users-admin.service.ts
FN:42,(anonymous_2)
FN:44,(anonymous_3)
FN:54,(anonymous_4)
FN:58,(anonymous_5)
FN:82,(anonymous_6)
FN:86,(anonymous_7)
FN:95,(anonymous_8)
FN:102,(anonymous_9)
FN:121,(anonymous_10)
FN:175,(anonymous_11)
FN:262,(anonymous_12)
FNF:11
FNH:11
FNDA:26,(anonymous_2)
FNDA:15,(anonymous_3)
FNDA:10,(anonymous_4)
FNDA:2,(anonymous_5)
FNDA:1,(anonymous_6)
FNDA:1,(anonymous_7)
FNDA:2,(anonymous_8)
FNDA:5,(anonymous_9)
FNDA:7,(anonymous_10)
FNDA:7,(anonymous_11)
FNDA:3,(anonymous_12)
DA:1,7
DA:8,7
DA:9,7
DA:10,7
DA:11,7
DA:15,7
DA:41,7
DA:42,26
DA:45,15
DA:47,15
DA:48,3
DA:51,12
DA:55,10
DA:59,2
DA:61,2
DA:62,1
DA:63,1
DA:72,2
DA:80,2
DA:82,1
DA:87,1
DA:93,1
DA:95,2
DA:103,5
DA:105,2
DA:110,2
DA:111,1
DA:114,1
DA:122,7
DA:123,7
DA:128,7
DA:129,2
DA:135,5
DA:140,5
DA:141,1
DA:147,4
DA:149,4
DA:150,4
DA:165,2
DA:167,2
DA:176,7
DA:177,7
DA:182,7
DA:183,1
DA:186,6
DA:187,2
DA:188,2
DA:196,2
DA:197,1
DA:204,5
DA:205,2
DA:213,2
DA:214,1
DA:221,4
DA:238,4
DA:239,1
DA:242,4
DA:243,1
DA:246,3
DA:247,3
DA:252,1
DA:259,2
DA:263,3
DA:264,3
DA:269,3
DA:270,1
DA:273,2
DA:274,2
DA:278,1
DA:285,1
LF:70
LH:70
BRDA:47,0,0,3
BRDA:47,0,1,12
BRDA:47,1,0,15
BRDA:47,1,1,14
BRDA:55,2,0,10
BRDA:55,2,1,0
BRDA:61,3,0,1
BRDA:61,3,1,1
BRDA:110,4,0,1
BRDA:110,4,1,1
BRDA:128,5,0,2
BRDA:128,5,1,5
BRDA:140,6,0,1
BRDA:140,6,1,4
BRDA:182,7,0,1
BRDA:182,7,1,6
BRDA:186,8,0,2
BRDA:186,8,1,4
BRDA:186,9,0,6
BRDA:186,9,1,2
BRDA:196,10,0,1
BRDA:196,10,1,1
BRDA:204,11,0,2
BRDA:204,11,1,3
BRDA:204,12,0,5
BRDA:204,12,1,2
BRDA:213,13,0,1
BRDA:213,13,1,1
BRDA:222,14,0,1
BRDA:222,14,1,3
BRDA:222,15,0,4
BRDA:222,15,1,2
BRDA:223,16,0,1
BRDA:223,16,1,3
BRDA:223,17,0,4
BRDA:223,17,1,2
BRDA:224,18,0,1
BRDA:224,18,1,3
BRDA:224,19,0,4
BRDA:224,19,1,1
BRDA:225,20,0,1
BRDA:225,20,1,3
BRDA:225,21,0,4
BRDA:225,21,1,1
BRDA:226,22,0,1
BRDA:226,22,1,3
BRDA:226,23,0,4
BRDA:226,23,1,1
BRDA:229,24,0,2
BRDA:229,24,1,2
BRDA:230,25,0,1
BRDA:230,25,1,3
BRDA:233,26,0,1
BRDA:233,26,1,3
BRDA:233,27,0,4
BRDA:233,27,1,1
BRDA:238,28,0,1
BRDA:238,28,1,3
BRDA:238,29,0,4
BRDA:238,29,1,1
BRDA:242,30,0,1
BRDA:242,30,1,3
BRDA:269,31,0,1
BRDA:269,31,1,2
BRF:64
BRH:63
end_of_record
